<?xml version="1.0" encoding="UTF-8"?>
<coverage generated="1777392932779" clover="3.2.0">
  <project timestamp="1777392932779" name="All files">
    <metrics statements="406" coveredstatements="366" conditionals="110" coveredconditionals="88" methods="82" coveredmethods="71" elements="598" coveredelements="525" complexity="0" loc="406" ncloc="406" packages="3" files="8" classes="8"/>
    <package name="control">
      <metrics statements="35" coveredstatements="32" conditionals="20" coveredconditionals="16" methods="9" coveredmethods="8"/>
      <file name="AnimationController.ts" path="/Users/wd974637/IdeaProjects/simple3d/src/web/src/control/AnimationController.ts">
        <metrics statements="35" coveredstatements="32" conditionals="20" coveredconditionals="16" methods="9" coveredmethods="8"/>
        <line num="12" count="1" type="stmt"/>
        <line num="13" count="1" type="stmt"/>
        <line num="14" count="1" type="stmt"/>
        <line num="16" count="1" type="stmt"/>
        <line num="17" count="1" type="stmt"/>
        <line num="18" count="1" type="stmt"/>
        <line num="21" count="8" type="stmt"/>
        <line num="22" count="8" type="stmt"/>
        <line num="26" count="1" type="stmt"/>
        <line num="31" count="0" type="stmt"/>
        <line num="32" count="0" type="stmt"/>
        <line num="33" count="0" type="stmt"/>
        <line num="45" count="8" type="stmt"/>
        <line num="47" count="8" type="cond" truecount="2" falsecount="0"/>
        <line num="48" count="8" type="cond" truecount="2" falsecount="0"/>
        <line num="49" count="8" type="cond" truecount="2" falsecount="0"/>
        <line num="50" count="8" type="cond" truecount="1" falsecount="1"/>
        <line num="52" count="8" type="cond" truecount="2" falsecount="0"/>
        <line num="53" count="2" type="stmt"/>
        <line num="54" count="6" type="cond" truecount="1" falsecount="1"/>
        <line num="55" count="6" type="stmt"/>
        <line num="60" count="6" type="cond" truecount="1" falsecount="1"/>
        <line num="61" count="9" type="stmt"/>
        <line num="65" count="2" type="stmt"/>
        <line num="66" count="2" type="stmt"/>
        <line num="67" count="2" type="cond" truecount="2" falsecount="0"/>
        <line num="68" count="1" type="stmt"/>
        <line num="69" count="1" type="stmt"/>
        <line num="74" count="9" type="stmt"/>
        <line num="75" count="9" type="stmt"/>
        <line num="76" count="9" type="stmt"/>
        <line num="77" count="9" type="stmt"/>
        <line num="78" count="9" type="cond" truecount="1" falsecount="1"/>
        <line num="79" count="9" type="stmt"/>
        <line num="83" count="25" type="stmt"/>
      </file>
    </package>
    <package name="model">
      <metrics statements="131" coveredstatements="122" conditionals="50" coveredconditionals="42" methods="35" coveredmethods="30"/>
      <file name="Body.ts" path="/Users/wd974637/IdeaProjects/simple3d/src/web/src/model/Body.ts">
        <metrics statements="97" coveredstatements="88" conditionals="47" coveredconditionals="39" methods="26" coveredmethods="21"/>
        <line num="5" count="2" type="stmt"/>
        <line num="25" count="28" type="stmt"/>
        <line num="26" count="28" type="stmt"/>
        <line num="27" count="28" type="stmt"/>
        <line num="28" count="28" type="stmt"/>
        <line num="31" count="2" type="stmt"/>
        <line num="32" count="1" type="stmt"/>
        <line num="34" count="75" type="stmt"/>
        <line num="35" count="4" type="stmt"/>
        <line num="36" count="266" type="stmt"/>
        <line num="37" count="1" type="stmt"/>
        <line num="38" count="12" type="stmt"/>
        <line num="42" count="12" type="stmt"/>
        <line num="43" count="4" type="stmt"/>
        <line num="44" count="4" type="stmt"/>
        <line num="45" count="4331" type="stmt"/>
        <line num="47" count="116" type="stmt"/>
        <line num="48" count="0" type="stmt"/>
        <line num="49" count="0" type="stmt"/>
        <line num="50" count="40" type="stmt"/>
        <line num="60" count="0" type="stmt"/>
        <line num="61" count="0" type="cond" truecount="0" falsecount="2"/>
        <line num="62" count="0" type="stmt"/>
        <line num="64" count="0" type="stmt"/>
        <line num="65" count="0" type="stmt"/>
        <line num="69" count="38" type="stmt"/>
        <line num="73" count="38" type="stmt"/>
        <line num="74" count="38" type="stmt"/>
        <line num="75" count="38" type="stmt"/>
        <line num="76" count="38" type="stmt"/>
        <line num="77" count="38" type="stmt"/>
        <line num="79" count="38" type="stmt"/>
        <line num="81" count="38" type="stmt"/>
        <line num="82" count="481" type="stmt"/>
        <line num="83" count="481" type="stmt"/>
        <line num="84" count="481" type="cond" truecount="4" falsecount="0"/>
        <line num="86" count="372" type="cond" truecount="5" falsecount="0"/>
        <line num="87" count="78" type="stmt"/>
        <line num="88" count="78" type="stmt"/>
        <line num="90" count="294" type="cond" truecount="2" falsecount="0"/>
        <line num="91" count="1" type="stmt"/>
        <line num="94" count="293" type="stmt"/>
        <line num="95" count="293" type="cond" truecount="2" falsecount="0"/>
        <line num="96" count="200" type="cond" truecount="2" falsecount="0"/>
        <line num="97" count="2" type="stmt"/>
        <line num="99" count="198" type="stmt"/>
        <line num="100" count="93" type="cond" truecount="2" falsecount="0"/>
        <line num="101" count="87" type="cond" truecount="2" falsecount="0"/>
        <line num="102" count="1" type="stmt"/>
        <line num="104" count="86" type="stmt"/>
        <line num="105" count="386" type="stmt"/>
        <line num="106" count="386" type="cond" truecount="4" falsecount="0"/>
        <line num="107" count="2" type="stmt"/>
        <line num="109" count="384" type="stmt"/>
        <line num="112" count="6" type="cond" truecount="2" falsecount="0"/>
        <line num="113" count="1" type="stmt"/>
        <line num="115" count="5" type="stmt"/>
        <line num="116" count="5" type="cond" truecount="2" falsecount="0"/>
        <line num="117" count="1" type="stmt"/>
        <line num="119" count="4" type="stmt"/>
        <line num="120" count="4" type="cond" truecount="4" falsecount="0"/>
        <line num="121" count="1" type="stmt"/>
        <line num="123" count="3" type="stmt"/>
        <line num="127" count="29" type="cond" truecount="1" falsecount="1"/>
        <line num="128" count="29" type="cond" truecount="2" falsecount="0"/>
        <line num="130" count="28" type="stmt"/>
        <line num="131" count="28" type="stmt"/>
        <line num="133" count="28" type="stmt"/>
        <line num="134" count="3" type="cond" truecount="1" falsecount="1"/>
        <line num="135" count="0" type="cond" truecount="1" falsecount="1"/>
        <line num="136" count="0" type="cond" truecount="1" falsecount="1"/>
        <line num="137" count="121" type="stmt"/>
        <line num="138" count="121" type="stmt"/>
        <line num="141" count="28" type="stmt"/>
        <line num="150" count="28" type="stmt"/>
        <line num="151" count="28" type="stmt"/>
        <line num="154" count="28" type="stmt"/>
        <line num="155" count="28" type="stmt"/>
        <line num="156" count="81" type="stmt"/>
        <line num="157" count="81" type="stmt"/>
        <line num="158" count="81" type="stmt"/>
        <line num="159" count="81" type="stmt"/>
        <line num="160" count="81" type="stmt"/>
        <line num="161" count="81" type="stmt"/>
        <line num="162" count="81" type="stmt"/>
        <line num="163" count="81" type="cond" truecount="1" falsecount="1"/>
        <line num="167" count="181" type="stmt"/>
        <line num="168" count="28" type="stmt"/>
        <line num="169" count="373" type="stmt"/>
        <line num="172" count="28" type="stmt"/>
        <line num="173" count="28" type="stmt"/>
        <line num="174" count="181" type="cond" truecount="1" falsecount="1"/>
        <line num="175" count="181" type="stmt"/>
        <line num="176" count="373" type="stmt"/>
        <line num="177" count="181" type="stmt"/>
        <line num="178" count="181" type="stmt"/>
        <line num="180" count="28" type="stmt"/>
      </file>
      <file name="Point3D.ts" path="/Users/wd974637/IdeaProjects/simple3d/src/web/src/model/Point3D.ts">
        <metrics statements="34" coveredstatements="34" conditionals="3" coveredconditionals="3" methods="9" coveredmethods="9"/>
        <line num="11" count="229" type="stmt"/>
        <line num="12" count="229" type="stmt"/>
        <line num="13" count="229" type="stmt"/>
        <line num="20" count="226" type="stmt"/>
        <line num="21" count="226" type="stmt"/>
        <line num="22" count="226" type="stmt"/>
        <line num="26" count="139" type="stmt"/>
        <line num="27" count="139" type="stmt"/>
        <line num="28" count="139" type="stmt"/>
        <line num="32" count="130" type="stmt"/>
        <line num="33" count="130" type="stmt"/>
        <line num="34" count="130" type="stmt"/>
        <line num="38" count="6" type="stmt"/>
        <line num="39" count="6" type="stmt"/>
        <line num="40" count="6" type="stmt"/>
        <line num="44" count="4333" type="stmt"/>
        <line num="45" count="4333" type="stmt"/>
        <line num="46" count="4333" type="stmt"/>
        <line num="50" count="120" type="stmt"/>
        <line num="51" count="120" type="stmt"/>
        <line num="52" count="120" type="stmt"/>
        <line num="53" count="120" type="stmt"/>
        <line num="57" count="4" type="stmt"/>
        <line num="58" count="4" type="stmt"/>
        <line num="59" count="4" type="stmt"/>
        <line num="60" count="4" type="stmt"/>
        <line num="64" count="1" type="stmt"/>
        <line num="65" count="1" type="stmt"/>
        <line num="66" count="1" type="stmt"/>
        <line num="67" count="1" type="stmt"/>
        <line num="71" count="41" type="stmt"/>
        <line num="72" count="41" type="stmt"/>
        <line num="73" count="41" type="stmt"/>
        <line num="74" count="41" type="stmt"/>
      </file>
    </package>
    <package name="render.effect">
      <metrics statements="240" coveredstatements="212" conditionals="40" coveredconditionals="30" methods="38" coveredmethods="33"/>
      <file name="ElasticEffect.ts" path="/Users/wd974637/IdeaProjects/simple3d/src/web/src/render/effect/ElasticEffect.ts">
        <metrics statements="63" coveredstatements="47" conditionals="12" coveredconditionals="7" methods="8" coveredmethods="5"/>
        <line num="14" count="1" type="stmt"/>
        <line num="15" count="1" type="stmt"/>
        <line num="17" count="1" type="stmt"/>
        <line num="19" count="1" type="stmt"/>
        <line num="20" count="1" type="stmt"/>
        <line num="21" count="1" type="stmt"/>
        <line num="23" count="1" type="stmt"/>
        <line num="24" count="1" type="stmt"/>
        <line num="25" count="1" type="stmt"/>
        <line num="26" count="1" type="stmt"/>
        <line num="27" count="1" type="stmt"/>
        <line num="29" count="7" type="stmt"/>
        <line num="33" count="7" type="stmt"/>
        <line num="34" count="7" type="stmt"/>
        <line num="35" count="7" type="stmt"/>
        <line num="36" count="7" type="stmt"/>
        <line num="37" count="7" type="stmt"/>
        <line num="38" count="7" type="stmt"/>
        <line num="42" count="4" type="stmt"/>
        <line num="46" count="0" type="stmt"/>
        <line num="61" count="4" type="stmt"/>
        <line num="62" count="4" type="stmt"/>
        <line num="63" count="4" type="stmt"/>
        <line num="64" count="4" type="stmt"/>
        <line num="65" count="4" type="stmt"/>
        <line num="66" count="4" type="stmt"/>
        <line num="68" count="4" type="stmt"/>
        <line num="69" count="484" type="stmt"/>
        <line num="70" count="58564" type="stmt"/>
        <line num="71" count="58564" type="stmt"/>
        <line num="72" count="58564" type="stmt"/>
        <line num="73" count="58564" type="cond" truecount="4" falsecount="0"/>
        <line num="75" count="45104" type="stmt"/>
        <line num="76" count="45104" type="stmt"/>
        <line num="77" count="45104" type="stmt"/>
        <line num="78" count="45104" type="stmt"/>
        <line num="80" count="45104" type="cond" truecount="1" falsecount="1"/>
        <line num="81" count="0" type="stmt"/>
        <line num="82" count="0" type="stmt"/>
        <line num="83" count="0" type="stmt"/>
        <line num="84" count="0" type="stmt"/>
        <line num="85" count="0" type="stmt"/>
        <line num="86" count="0" type="stmt"/>
        <line num="89" count="45104" type="stmt"/>
        <line num="90" count="45104" type="stmt"/>
        <line num="91" count="45104" type="stmt"/>
        <line num="92" count="45104" type="stmt"/>
        <line num="94" count="45104" type="stmt"/>
        <line num="95" count="45104" type="stmt"/>
        <line num="96" count="45104" type="stmt"/>
        <line num="97" count="45104" type="stmt"/>
        <line num="103" count="0" type="stmt"/>
        <line num="104" count="0" type="stmt"/>
        <line num="106" count="0" type="stmt"/>
        <line num="107" count="0" type="stmt"/>
        <line num="109" count="0" type="cond" truecount="0" falsecount="2"/>
        <line num="113" count="0" type="stmt"/>
        <line num="114" count="0" type="stmt"/>
        <line num="115" count="0" type="stmt"/>
        <line num="117" count="0" type="stmt"/>
        <line num="121" count="7" type="cond" truecount="2" falsecount="0"/>
        <line num="122" count="1" type="stmt"/>
        <line num="123" count="1" type="stmt"/>
      </file>
      <file name="NoEffect.ts" path="/Users/wd974637/IdeaProjects/simple3d/src/web/src/render/effect/NoEffect.ts">
        <metrics statements="1" coveredstatements="1" conditionals="0" coveredconditionals="0" methods="4" coveredmethods="4"/>
        <line num="5" count="2" type="stmt"/>
      </file>
      <file name="RippleEffect.ts" path="/Users/wd974637/IdeaProjects/simple3d/src/web/src/render/effect/RippleEffect.ts">
        <metrics statements="66" coveredstatements="65" conditionals="10" coveredconditionals="9" methods="9" coveredmethods="9"/>
        <line num="4" count="1" type="stmt"/>
        <line num="5" count="1" type="stmt"/>
        <line num="6" count="1" type="stmt"/>
        <line num="7" count="1" type="stmt"/>
        <line num="8" count="1" type="stmt"/>
        <line num="9" count="1" type="stmt"/>
        <line num="11" count="1" type="stmt"/>
        <line num="12" count="1" type="stmt"/>
        <line num="13" count="1" type="stmt"/>
        <line num="14" count="1" type="stmt"/>
        <line num="15" count="1" type="stmt"/>
        <line num="16" count="1" type="stmt"/>
        <line num="18" count="7" type="stmt"/>
        <line num="21" count="8" type="stmt"/>
        <line num="25" count="6" type="stmt"/>
        <line num="26" count="6" type="stmt"/>
        <line num="27" count="6" type="stmt"/>
        <line num="28" count="6" type="stmt"/>
        <line num="29" count="6" type="stmt"/>
        <line num="30" count="6" type="stmt"/>
        <line num="31" count="6" type="stmt"/>
        <line num="34" count="4" type="stmt"/>
        <line num="36" count="1" type="stmt"/>
        <line num="39" count="4" type="stmt"/>
        <line num="40" count="4" type="stmt"/>
        <line num="41" count="4" type="stmt"/>
        <line num="42" count="4" type="stmt"/>
        <line num="43" count="4" type="stmt"/>
        <line num="44" count="4" type="stmt"/>
        <line num="45" count="4" type="stmt"/>
        <line num="46" count="4" type="stmt"/>
        <line num="48" count="4" type="stmt"/>
        <line num="49" count="604" type="stmt"/>
        <line num="50" count="91204" type="stmt"/>
        <line num="51" count="91204" type="stmt"/>
        <line num="52" count="91204" type="stmt"/>
        <line num="53" count="91204" type="cond" truecount="4" falsecount="0"/>
        <line num="55" count="70576" type="stmt"/>
        <line num="56" count="70576" type="stmt"/>
        <line num="57" count="70576" type="stmt"/>
        <line num="59" count="70576" type="stmt"/>
        <line num="60" count="70576" type="stmt"/>
        <line num="62" count="70576" type="cond" truecount="2" falsecount="0"/>
        <line num="63" count="960" type="stmt"/>
        <line num="64" count="960" type="stmt"/>
        <line num="65" count="960" type="stmt"/>
        <line num="66" count="960" type="stmt"/>
        <line num="67" count="960" type="stmt"/>
        <line num="68" count="960" type="stmt"/>
        <line num="71" count="69616" type="stmt"/>
        <line num="72" count="69616" type="stmt"/>
        <line num="73" count="69616" type="stmt"/>
        <line num="74" count="69616" type="stmt"/>
        <line num="76" count="69616" type="stmt"/>
        <line num="77" count="69616" type="stmt"/>
        <line num="78" count="69616" type="stmt"/>
        <line num="79" count="69616" type="stmt"/>
        <line num="85" count="2" type="stmt"/>
        <line num="86" count="2" type="stmt"/>
        <line num="87" count="2" type="stmt"/>
        <line num="88" count="2" type="cond" truecount="1" falsecount="1"/>
        <line num="89" count="0" type="stmt"/>
        <line num="91" count="2" type="stmt"/>
        <line num="95" count="7" type="cond" truecount="2" falsecount="0"/>
        <line num="96" count="1" type="stmt"/>
        <line num="97" count="1" type="stmt"/>
      </file>
      <file name="ShockwaveEffect.ts" path="/Users/wd974637/IdeaProjects/simple3d/src/web/src/render/effect/ShockwaveEffect.ts">
        <metrics statements="58" coveredstatements="48" conditionals="10" coveredconditionals="7" methods="8" coveredmethods="6"/>
        <line num="4" count="1" type="stmt"/>
        <line num="5" count="1" type="stmt"/>
        <line num="6" count="1" type="stmt"/>
        <line num="7" count="1" type="stmt"/>
        <line num="8" count="1" type="stmt"/>
        <line num="10" count="1" type="stmt"/>
        <line num="11" count="1" type="stmt"/>
        <line num="12" count="1" type="stmt"/>
        <line num="13" count="1" type="stmt"/>
        <line num="15" count="6" type="stmt"/>
        <line num="18" count="5" type="stmt"/>
        <line num="19" count="5" type="stmt"/>
        <line num="20" count="5" type="stmt"/>
        <line num="21" count="5" type="stmt"/>
        <line num="22" count="5" type="stmt"/>
        <line num="25" count="4" type="stmt"/>
        <line num="27" count="1" type="stmt"/>
        <line num="30" count="3" type="stmt"/>
        <line num="31" count="3" type="stmt"/>
        <line num="32" count="3" type="stmt"/>
        <line num="33" count="3" type="stmt"/>
        <line num="34" count="3" type="stmt"/>
        <line num="35" count="3" type="stmt"/>
        <line num="36" count="3" type="stmt"/>
        <line num="38" count="3" type="stmt"/>
        <line num="39" count="243" type="stmt"/>
        <line num="40" count="19683" type="stmt"/>
        <line num="41" count="19683" type="stmt"/>
        <line num="42" count="19683" type="stmt"/>
        <line num="43" count="19683" type="stmt"/>
        <line num="44" count="19683" type="cond" truecount="4" falsecount="0"/>
        <line num="46" count="15036" type="stmt"/>
        <line num="47" count="15036" type="stmt"/>
        <line num="48" count="15036" type="stmt"/>
        <line num="49" count="15036" type="stmt"/>
        <line num="50" count="15036" type="stmt"/>
        <line num="52" count="15036" type="cond" truecount="1" falsecount="1"/>
        <line num="53" count="0" type="stmt"/>
        <line num="54" count="0" type="stmt"/>
        <line num="55" count="0" type="stmt"/>
        <line num="56" count="0" type="stmt"/>
        <line num="57" count="0" type="stmt"/>
        <line num="58" count="0" type="stmt"/>
        <line num="61" count="15036" type="stmt"/>
        <line num="62" count="15036" type="stmt"/>
        <line num="63" count="15036" type="stmt"/>
        <line num="64" count="15036" type="stmt"/>
        <line num="66" count="15036" type="stmt"/>
        <line num="67" count="15036" type="stmt"/>
        <line num="68" count="15036" type="stmt"/>
        <line num="69" count="15036" type="stmt"/>
        <line num="75" count="0" type="stmt"/>
        <line num="76" count="0" type="cond" truecount="0" falsecount="2"/>
        <line num="77" count="0" type="stmt"/>
        <line num="79" count="0" type="stmt"/>
        <line num="83" count="6" type="cond" truecount="2" falsecount="0"/>
        <line num="84" count="1" type="stmt"/>
        <line num="85" count="1" type="stmt"/>
      </file>
      <file name="VortexEffect.ts" path="/Users/wd974637/IdeaProjects/simple3d/src/web/src/render/effect/VortexEffect.ts">
        <metrics statements="52" coveredstatements="51" conditionals="8" coveredconditionals="7" methods="9" coveredmethods="9"/>
        <line num="4" count="1" type="stmt"/>
        <line num="5" count="1" type="stmt"/>
        <line num="6" count="1" type="stmt"/>
        <line num="7" count="1" type="stmt"/>
        <line num="9" count="1" type="stmt"/>
        <line num="10" count="1" type="stmt"/>
        <line num="11" count="1" type="stmt"/>
        <line num="12" count="1" type="stmt"/>
        <line num="13" count="1" type="stmt"/>
        <line num="15" count="7" type="stmt"/>
        <line num="18" count="8" type="stmt"/>
        <line num="22" count="6" type="stmt"/>
        <line num="23" count="6" type="stmt"/>
        <line num="24" count="6" type="stmt"/>
        <line num="25" count="6" type="stmt"/>
        <line num="26" count="6" type="stmt"/>
        <line num="27" count="6" type="stmt"/>
        <line num="30" count="4" type="stmt"/>
        <line num="32" count="1" type="stmt"/>
        <line num="35" count="4" type="stmt"/>
        <line num="36" count="4" type="stmt"/>
        <line num="37" count="4" type="stmt"/>
        <line num="38" count="4" type="stmt"/>
        <line num="39" count="4" type="stmt"/>
        <line num="40" count="4" type="stmt"/>
        <line num="42" count="4" type="stmt"/>
        <line num="43" count="604" type="stmt"/>
        <line num="44" count="91204" type="stmt"/>
        <line num="45" count="91204" type="stmt"/>
        <line num="46" count="91204" type="stmt"/>
        <line num="47" count="91204" type="cond" truecount="4" falsecount="0"/>
        <line num="49" count="70576" type="stmt"/>
        <line num="50" count="70576" type="stmt"/>
        <line num="51" count="70576" type="stmt"/>
        <line num="52" count="70576" type="stmt"/>
        <line num="53" count="70576" type="stmt"/>
        <line num="54" count="70576" type="stmt"/>
        <line num="55" count="70576" type="stmt"/>
        <line num="56" count="70576" type="stmt"/>
        <line num="57" count="70576" type="stmt"/>
        <line num="59" count="70576" type="stmt"/>
        <line num="60" count="70576" type="stmt"/>
        <line num="61" count="70576" type="stmt"/>
        <line num="62" count="70576" type="stmt"/>
        <line num="68" count="2" type="stmt"/>
        <line num="69" count="2" type="stmt"/>
        <line num="70" count="2" type="cond" truecount="1" falsecount="1"/>
        <line num="71" count="0" type="stmt"/>
        <line num="73" count="2" type="stmt"/>
        <line num="77" count="7" type="cond" truecount="2" falsecount="0"/>
        <line num="78" count="1" type="stmt"/>
        <line num="79" count="1" type="stmt"/>
      </file>
    </package>
  </project>
</coverage>
