{"/Users/wd974637/IdeaProjects/simple3d/src/web/src/control/AnimationController.ts": {"path":"/Users/wd974637/IdeaProjects/simple3d/src/web/src/control/AnimationController.ts","statementMap":{"0":{"start":{"line":12,"column":44},"end":{"line":12,"column":null}},"1":{"start":{"line":13,"column":44},"end":{"line":13,"column":null}},"2":{"start":{"line":14,"column":44},"end":{"line":14,"column":null}},"3":{"start":{"line":16,"column":30},"end":{"line":16,"column":null}},"4":{"start":{"line":17,"column":30},"end":{"line":17,"column":null}},"5":{"start":{"line":18,"column":59},"end":{"line":18,"column":null}},"6":{"start":{"line":21,"column":12},"end":{"line":21,"column":null}},"7":{"start":{"line":22,"column":21},"end":{"line":22,"column":null}},"8":{"start":{"line":26,"column":4},"end":{"line":26,"column":null}},"9":{"start":{"line":31,"column":4},"end":{"line":31,"column":null}},"10":{"start":{"line":32,"column":4},"end":{"line":32,"column":null}},"11":{"start":{"line":33,"column":4},"end":{"line":33,"column":null}},"12":{"start":{"line":45,"column":20},"end":{"line":45,"column":33}},"13":{"start":{"line":47,"column":4},"end":{"line":47,"column":null}},"14":{"start":{"line":47,"column":40},"end":{"line":47,"column":null}},"15":{"start":{"line":48,"column":4},"end":{"line":48,"column":null}},"16":{"start":{"line":48,"column":40},"end":{"line":48,"column":null}},"17":{"start":{"line":49,"column":4},"end":{"line":49,"column":null}},"18":{"start":{"line":49,"column":40},"end":{"line":49,"column":null}},"19":{"start":{"line":50,"column":4},"end":{"line":50,"column":null}},"20":{"start":{"line":50,"column":40},"end":{"line":50,"column":null}},"21":{"start":{"line":52,"column":4},"end":{"line":55,"column":null}},"22":{"start":{"line":53,"column":6},"end":{"line":53,"column":null}},"23":{"start":{"line":54,"column":15},"end":{"line":55,"column":null}},"24":{"start":{"line":55,"column":6},"end":{"line":55,"column":null}},"25":{"start":{"line":60,"column":4},"end":{"line":60,"column":null}},"26":{"start":{"line":60,"column":31},"end":{"line":60,"column":null}},"27":{"start":{"line":61,"column":4},"end":{"line":61,"column":null}},"28":{"start":{"line":61,"column":37},"end":{"line":61,"column":48}},"29":{"start":{"line":65,"column":4},"end":{"line":65,"column":null}},"30":{"start":{"line":66,"column":4},"end":{"line":66,"column":null}},"31":{"start":{"line":67,"column":4},"end":{"line":69,"column":null}},"32":{"start":{"line":68,"column":6},"end":{"line":68,"column":null}},"33":{"start":{"line":69,"column":6},"end":{"line":69,"column":null}},"34":{"start":{"line":74,"column":4},"end":{"line":74,"column":null}},"35":{"start":{"line":75,"column":4},"end":{"line":75,"column":null}},"36":{"start":{"line":76,"column":4},"end":{"line":76,"column":null}},"37":{"start":{"line":77,"column":4},"end":{"line":77,"column":null}},"38":{"start":{"line":78,"column":4},"end":{"line":78,"column":null}},"39":{"start":{"line":78,"column":23},"end":{"line":78,"column":null}},"40":{"start":{"line":79,"column":4},"end":{"line":79,"column":null}},"41":{"start":{"line":83,"column":4},"end":{"line":85,"column":null}}},"fnMap":{"0":{"name":"(anonymous_0)","decl":{"start":{"line":20,"column":2},"end":{"line":20,"column":null}},"loc":{"start":{"line":23,"column":4},"end":{"line":22,"column":null}},"line":23},"1":{"name":"(anonymous_1)","decl":{"start":{"line":25,"column":2},"end":{"line":25,"column":10}},"loc":{"start":{"line":25,"column":28},"end":{"line":26,"column":null}},"line":25},"2":{"name":"(anonymous_2)","decl":{"start":{"line":30,"column":2},"end":{"line":30,"column":12}},"loc":{"start":{"line":30,"column":42},"end":{"line":33,"column":null}},"line":30},"3":{"name":"(anonymous_3)","decl":{"start":{"line":40,"column":2},"end":{"line":40,"column":null}},"loc":{"start":{"line":44,"column":10},"end":{"line":55,"column":null}},"line":44},"4":{"name":"(anonymous_4)","decl":{"start":{"line":59,"column":2},"end":{"line":59,"column":10}},"loc":{"start":{"line":59,"column":24},"end":{"line":61,"column":null}},"line":59},"5":{"name":"(anonymous_5)","decl":{"start":{"line":61,"column":19},"end":{"line":61,"column":37}},"loc":{"start":{"line":61,"column":37},"end":{"line":61,"column":48}},"line":61},"6":{"name":"(anonymous_6)","decl":{"start":{"line":64,"column":2},"end":{"line":64,"column":10}},"loc":{"start":{"line":64,"column":23},"end":{"line":69,"column":null}},"line":64},"7":{"name":"(anonymous_7)","decl":{"start":{"line":73,"column":2},"end":{"line":73,"column":10}},"loc":{"start":{"line":73,"column":23},"end":{"line":79,"column":null}},"line":73},"8":{"name":"(anonymous_8)","decl":{"start":{"line":82,"column":2},"end":{"line":82,"column":10}},"loc":{"start":{"line":82,"column":28},"end":{"line":85,"column":null}},"line":82}},"branchMap":{"0":{"loc":{"start":{"line":47,"column":4},"end":{"line":47,"column":null}},"type":"if","locations":[{"start":{"line":47,"column":4},"end":{"line":47,"column":null}},{"start":{},"end":{}}],"line":47},"1":{"loc":{"start":{"line":48,"column":4},"end":{"line":48,"column":null}},"type":"if","locations":[{"start":{"line":48,"column":4},"end":{"line":48,"column":null}},{"start":{},"end":{}}],"line":48},"2":{"loc":{"start":{"line":49,"column":4},"end":{"line":49,"column":null}},"type":"if","locations":[{"start":{"line":49,"column":4},"end":{"line":49,"column":null}},{"start":{},"end":{}}],"line":49},"3":{"loc":{"start":{"line":50,"column":4},"end":{"line":50,"column":null}},"type":"if","locations":[{"start":{"line":50,"column":4},"end":{"line":50,"column":null}},{"start":{},"end":{}}],"line":50},"4":{"loc":{"start":{"line":52,"column":4},"end":{"line":55,"column":null}},"type":"if","locations":[{"start":{"line":52,"column":4},"end":{"line":55,"column":null}},{"start":{"line":54,"column":15},"end":{"line":55,"column":null}}],"line":52},"5":{"loc":{"start":{"line":54,"column":15},"end":{"line":55,"column":null}},"type":"if","locations":[{"start":{"line":54,"column":15},"end":{"line":55,"column":null}},{"start":{},"end":{}}],"line":54},"6":{"loc":{"start":{"line":60,"column":4},"end":{"line":60,"column":null}},"type":"if","locations":[{"start":{"line":60,"column":4},"end":{"line":60,"column":null}},{"start":{},"end":{}}],"line":60},"7":{"loc":{"start":{"line":67,"column":4},"end":{"line":69,"column":null}},"type":"if","locations":[{"start":{"line":67,"column":4},"end":{"line":69,"column":null}},{"start":{},"end":{}}],"line":67},"8":{"loc":{"start":{"line":78,"column":4},"end":{"line":78,"column":null}},"type":"if","locations":[{"start":{"line":78,"column":4},"end":{"line":78,"column":null}},{"start":{},"end":{}}],"line":78},"9":{"loc":{"start":{"line":84,"column":6},"end":{"line":85,"column":null}},"type":"binary-expr","locations":[{"start":{"line":84,"column":6},"end":{"line":84,"column":null}},{"start":{"line":85,"column":6},"end":{"line":85,"column":null}}],"line":84}},"s":{"0":1,"1":1,"2":1,"3":1,"4":1,"5":1,"6":8,"7":8,"8":1,"9":0,"10":0,"11":0,"12":8,"13":8,"14":4,"15":8,"16":2,"17":8,"18":1,"19":8,"20":0,"21":8,"22":2,"23":6,"24":6,"25":6,"26":0,"27":6,"28":9,"29":2,"30":2,"31":2,"32":1,"33":1,"34":9,"35":9,"36":9,"37":9,"38":9,"39":0,"40":9,"41":25},"f":{"0":8,"1":1,"2":0,"3":8,"4":6,"5":9,"6":2,"7":9,"8":25},"b":{"0":[4,4],"1":[2,6],"2":[1,7],"3":[0,8],"4":[2,6],"5":[6,0],"6":[0,6],"7":[1,1],"8":[0,9],"9":[25,12]},"meta":{"lastBranch":10,"lastFunction":9,"lastStatement":42,"seen":{"s:12:44:12:Infinity":0,"s:13:44:13:Infinity":1,"s:14:44:14:Infinity":2,"s:16:30:16:Infinity":3,"s:17:30:17:Infinity":4,"s:18:59:18:Infinity":5,"f:20:2:20:Infinity":0,"s:21:12:21:Infinity":6,"s:22:21:22:Infinity":7,"f:25:2:25:10":1,"s:26:4:26:Infinity":8,"f:30:2:30:12":2,"s:31:4:31:Infinity":9,"s:32:4:32:Infinity":10,"s:33:4:33:Infinity":11,"f:40:2:40:Infinity":3,"s:45:20:45:33":12,"b:47:4:47:Infinity:undefined:undefined:undefined:undefined":0,"s:47:4:47:Infinity":13,"s:47:40:47:Infinity":14,"b:48:4:48:Infinity:undefined:undefined:undefined:undefined":1,"s:48:4:48:Infinity":15,"s:48:40:48:Infinity":16,"b:49:4:49:Infinity:undefined:undefined:undefined:undefined":2,"s:49:4:49:Infinity":17,"s:49:40:49:Infinity":18,"b:50:4:50:Infinity:undefined:undefined:undefined:undefined":3,"s:50:4:50:Infinity":19,"s:50:40:50:Infinity":20,"b:52:4:55:Infinity:54:15:55:Infinity":4,"s:52:4:55:Infinity":21,"s:53:6:53:Infinity":22,"b:54:15:55:Infinity:undefined:undefined:undefined:undefined":5,"s:54:15:55:Infinity":23,"s:55:6:55:Infinity":24,"f:59:2:59:10":4,"b:60:4:60:Infinity:undefined:undefined:undefined:undefined":6,"s:60:4:60:Infinity":25,"s:60:31:60:Infinity":26,"s:61:4:61:Infinity":27,"f:61:19:61:37":5,"s:61:37:61:48":28,"f:64:2:64:10":6,"s:65:4:65:Infinity":29,"s:66:4:66:Infinity":30,"b:67:4:69:Infinity:undefined:undefined:undefined:undefined":7,"s:67:4:69:Infinity":31,"s:68:6:68:Infinity":32,"s:69:6:69:Infinity":33,"f:73:2:73:10":7,"s:74:4:74:Infinity":34,"s:75:4:75:Infinity":35,"s:76:4:76:Infinity":36,"s:77:4:77:Infinity":37,"b:78:4:78:Infinity:undefined:undefined:undefined:undefined":8,"s:78:4:78:Infinity":38,"s:78:23:78:Infinity":39,"s:79:4:79:Infinity":40,"f:82:2:82:10":8,"s:83:4:85:Infinity":41,"b:84:6:84:Infinity:85:6:85:Infinity":9}}}
,"/Users/wd974637/IdeaProjects/simple3d/src/web/src/model/Body.ts": {"path":"/Users/wd974637/IdeaProjects/simple3d/src/web/src/model/Body.ts","statementMap":{"0":{"start":{"line":5,"column":47},"end":{"line":9,"column":null}},"1":{"start":{"line":25,"column":4},"end":{"line":25,"column":null}},"2":{"start":{"line":26,"column":4},"end":{"line":26,"column":null}},"3":{"start":{"line":27,"column":4},"end":{"line":27,"column":null}},"4":{"start":{"line":28,"column":4},"end":{"line":28,"column":null}},"5":{"start":{"line":31,"column":24},"end":{"line":31,"column":null}},"6":{"start":{"line":32,"column":31},"end":{"line":32,"column":null}},"7":{"start":{"line":34,"column":25},"end":{"line":34,"column":null}},"8":{"start":{"line":35,"column":25},"end":{"line":35,"column":null}},"9":{"start":{"line":36,"column":33},"end":{"line":36,"column":null}},"10":{"start":{"line":37,"column":33},"end":{"line":37,"column":null}},"11":{"start":{"line":38,"column":35},"end":{"line":38,"column":null}},"12":{"start":{"line":42,"column":21},"end":{"line":42,"column":null}},"13":{"start":{"line":42,"column":50},"end":{"line":42,"column":null}},"14":{"start":{"line":43,"column":21},"end":{"line":43,"column":null}},"15":{"start":{"line":43,"column":50},"end":{"line":43,"column":null}},"16":{"start":{"line":44,"column":21},"end":{"line":44,"column":null}},"17":{"start":{"line":44,"column":50},"end":{"line":44,"column":null}},"18":{"start":{"line":45,"column":21},"end":{"line":45,"column":null}},"19":{"start":{"line":45,"column":50},"end":{"line":45,"column":null}},"20":{"start":{"line":47,"column":35},"end":{"line":47,"column":null}},"21":{"start":{"line":47,"column":64},"end":{"line":47,"column":null}},"22":{"start":{"line":48,"column":35},"end":{"line":48,"column":null}},"23":{"start":{"line":48,"column":64},"end":{"line":48,"column":null}},"24":{"start":{"line":49,"column":35},"end":{"line":49,"column":null}},"25":{"start":{"line":49,"column":64},"end":{"line":49,"column":null}},"26":{"start":{"line":50,"column":35},"end":{"line":50,"column":null}},"27":{"start":{"line":50,"column":64},"end":{"line":50,"column":null}},"28":{"start":{"line":60,"column":21},"end":{"line":60,"column":37}},"29":{"start":{"line":61,"column":4},"end":{"line":62,"column":null}},"30":{"start":{"line":62,"column":6},"end":{"line":62,"column":null}},"31":{"start":{"line":64,"column":17},"end":{"line":64,"column":38}},"32":{"start":{"line":65,"column":4},"end":{"line":65,"column":null}},"33":{"start":{"line":69,"column":4},"end":{"line":69,"column":null}},"34":{"start":{"line":73,"column":30},"end":{"line":73,"column":32}},"35":{"start":{"line":74,"column":31},"end":{"line":74,"column":33}},"36":{"start":{"line":75,"column":64},"end":{"line":75,"column":66}},"37":{"start":{"line":76,"column":61},"end":{"line":76,"column":null}},"38":{"start":{"line":77,"column":18},"end":{"line":77,"column":null}},"39":{"start":{"line":79,"column":23},"end":{"line":79,"column":56}},"40":{"start":{"line":81,"column":4},"end":{"line":123,"column":null}},"41":{"start":{"line":82,"column":6},"end":{"line":82,"column":null}},"42":{"start":{"line":83,"column":19},"end":{"line":83,"column":29}},"43":{"start":{"line":84,"column":6},"end":{"line":84,"column":null}},"44":{"start":{"line":84,"column":41},"end":{"line":84,"column":null}},"45":{"start":{"line":86,"column":6},"end":{"line":88,"column":null}},"46":{"start":{"line":87,"column":8},"end":{"line":87,"column":null}},"47":{"start":{"line":88,"column":8},"end":{"line":88,"column":null}},"48":{"start":{"line":90,"column":6},"end":{"line":91,"column":null}},"49":{"start":{"line":91,"column":8},"end":{"line":91,"column":null}},"50":{"start":{"line":94,"column":21},"end":{"line":94,"column":38}},"51":{"start":{"line":95,"column":6},"end":{"line":123,"column":null}},"52":{"start":{"line":96,"column":8},"end":{"line":97,"column":null}},"53":{"start":{"line":97,"column":10},"end":{"line":97,"column":null}},"54":{"start":{"line":99,"column":8},"end":{"line":99,"column":null}},"55":{"start":{"line":100,"column":17},"end":{"line":123,"column":null}},"56":{"start":{"line":101,"column":8},"end":{"line":102,"column":null}},"57":{"start":{"line":102,"column":10},"end":{"line":102,"column":null}},"58":{"start":{"line":104,"column":8},"end":{"line":110,"column":null}},"59":{"start":{"line":105,"column":22},"end":{"line":105,"column":37}},"60":{"start":{"line":106,"column":10},"end":{"line":107,"column":null}},"61":{"start":{"line":107,"column":12},"end":{"line":107,"column":null}},"62":{"start":{"line":109,"column":10},"end":{"line":109,"column":null}},"63":{"start":{"line":112,"column":8},"end":{"line":113,"column":null}},"64":{"start":{"line":113,"column":10},"end":{"line":113,"column":null}},"65":{"start":{"line":115,"column":21},"end":{"line":115,"column":44}},"66":{"start":{"line":116,"column":8},"end":{"line":117,"column":null}},"67":{"start":{"line":117,"column":10},"end":{"line":117,"column":null}},"68":{"start":{"line":119,"column":22},"end":{"line":119,"column":45}},"69":{"start":{"line":120,"column":8},"end":{"line":121,"column":null}},"70":{"start":{"line":121,"column":10},"end":{"line":121,"column":null}},"71":{"start":{"line":123,"column":8},"end":{"line":123,"column":null}},"72":{"start":{"line":127,"column":4},"end":{"line":127,"column":null}},"73":{"start":{"line":127,"column":29},"end":{"line":127,"column":null}},"74":{"start":{"line":128,"column":4},"end":{"line":128,"column":null}},"75":{"start":{"line":128,"column":29},"end":{"line":128,"column":null}},"76":{"start":{"line":130,"column":21},"end":{"line":130,"column":50}},"77":{"start":{"line":131,"column":17},"end":{"line":131,"column":58}},"78":{"start":{"line":133,"column":4},"end":{"line":138,"column":null}},"79":{"start":{"line":134,"column":21},"end":{"line":137,"column":58}},"80":{"start":{"line":134,"column":43},"end":{"line":134,"column":58}},"81":{"start":{"line":135,"column":43},"end":{"line":135,"column":58}},"82":{"start":{"line":136,"column":43},"end":{"line":136,"column":58}},"83":{"start":{"line":137,"column":43},"end":{"line":137,"column":58}},"84":{"start":{"line":138,"column":6},"end":{"line":138,"column":null}},"85":{"start":{"line":138,"column":19},"end":{"line":138,"column":22}},"86":{"start":{"line":138,"column":38},"end":{"line":138,"column":null}},"87":{"start":{"line":141,"column":4},"end":{"line":141,"column":null}},"88":{"start":{"line":150,"column":15},"end":{"line":150,"column":null}},"89":{"start":{"line":151,"column":15},"end":{"line":151,"column":null}},"90":{"start":{"line":154,"column":43},"end":{"line":154,"column":45}},"91":{"start":{"line":155,"column":4},"end":{"line":163,"column":null}},"92":{"start":{"line":156,"column":17},"end":{"line":156,"column":34}},"93":{"start":{"line":156,"column":39},"end":{"line":156,"column":56}},"94":{"start":{"line":156,"column":61},"end":{"line":156,"column":null}},"95":{"start":{"line":157,"column":17},"end":{"line":157,"column":30}},"96":{"start":{"line":157,"column":35},"end":{"line":157,"column":48}},"97":{"start":{"line":157,"column":53},"end":{"line":157,"column":null}},"98":{"start":{"line":158,"column":17},"end":{"line":158,"column":30}},"99":{"start":{"line":158,"column":35},"end":{"line":158,"column":48}},"100":{"start":{"line":158,"column":53},"end":{"line":158,"column":null}},"101":{"start":{"line":159,"column":17},"end":{"line":159,"column":null}},"102":{"start":{"line":160,"column":17},"end":{"line":160,"column":null}},"103":{"start":{"line":161,"column":17},"end":{"line":161,"column":null}},"104":{"start":{"line":162,"column":18},"end":{"line":162,"column":56}},"105":{"start":{"line":163,"column":6},"end":{"line":163,"column":null}},"106":{"start":{"line":167,"column":28},"end":{"line":167,"column":63}},"107":{"start":{"line":167,"column":60},"end":{"line":167,"column":62}},"108":{"start":{"line":168,"column":4},"end":{"line":169,"column":null}},"109":{"start":{"line":168,"column":18},"end":{"line":168,"column":21}},"110":{"start":{"line":169,"column":6},"end":{"line":169,"column":null}},"111":{"start":{"line":169,"column":35},"end":{"line":169,"column":null}},"112":{"start":{"line":172,"column":15},"end":{"line":172,"column":34}},"113":{"start":{"line":173,"column":4},"end":{"line":178,"column":null}},"114":{"start":{"line":173,"column":17},"end":{"line":173,"column":20}},"115":{"start":{"line":174,"column":6},"end":{"line":174,"column":null}},"116":{"start":{"line":174,"column":31},"end":{"line":174,"column":null}},"117":{"start":{"line":175,"column":15},"end":{"line":175,"column":18}},"118":{"start":{"line":175,"column":23},"end":{"line":175,"column":26}},"119":{"start":{"line":175,"column":31},"end":{"line":175,"column":null}},"120":{"start":{"line":176,"column":6},"end":{"line":176,"column":null}},"121":{"start":{"line":176,"column":33},"end":{"line":176,"column":50}},"122":{"start":{"line":176,"column":50},"end":{"line":176,"column":67}},"123":{"start":{"line":176,"column":67},"end":{"line":176,"column":null}},"124":{"start":{"line":177,"column":22},"end":{"line":177,"column":null}},"125":{"start":{"line":178,"column":6},"end":{"line":178,"column":null}},"126":{"start":{"line":180,"column":4},"end":{"line":180,"column":null}}},"fnMap":{"0":{"name":"(anonymous_0)","decl":{"start":{"line":24,"column":2},"end":{"line":24,"column":10}},"loc":{"start":{"line":24,"column":100},"end":{"line":28,"column":null}},"line":24},"1":{"name":"(anonymous_1)","decl":{"start":{"line":31,"column":2},"end":{"line":31,"column":22}},"loc":{"start":{"line":31,"column":22},"end":{"line":31,"column":null}},"line":31},"2":{"name":"(anonymous_2)","decl":{"start":{"line":32,"column":2},"end":{"line":32,"column":12}},"loc":{"start":{"line":32,"column":29},"end":{"line":32,"column":null}},"line":32},"3":{"name":"(anonymous_3)","decl":{"start":{"line":34,"column":2},"end":{"line":34,"column":23}},"loc":{"start":{"line":34,"column":23},"end":{"line":34,"column":null}},"line":34},"4":{"name":"(anonymous_4)","decl":{"start":{"line":35,"column":2},"end":{"line":35,"column":23}},"loc":{"start":{"line":35,"column":23},"end":{"line":35,"column":null}},"line":35},"5":{"name":"(anonymous_5)","decl":{"start":{"line":36,"column":2},"end":{"line":36,"column":10}},"loc":{"start":{"line":36,"column":31},"end":{"line":36,"column":null}},"line":36},"6":{"name":"(anonymous_6)","decl":{"start":{"line":37,"column":2},"end":{"line":37,"column":9}},"loc":{"start":{"line":37,"column":31},"end":{"line":37,"column":null}},"line":37},"7":{"name":"(anonymous_7)","decl":{"start":{"line":38,"column":2},"end":{"line":38,"column":14}},"loc":{"start":{"line":38,"column":33},"end":{"line":38,"column":null}},"line":38},"8":{"name":"(anonymous_8)","decl":{"start":{"line":42,"column":2},"end":{"line":42,"column":19}},"loc":{"start":{"line":42,"column":19},"end":{"line":42,"column":null}},"line":42},"9":{"name":"(anonymous_9)","decl":{"start":{"line":43,"column":2},"end":{"line":43,"column":19}},"loc":{"start":{"line":43,"column":19},"end":{"line":43,"column":null}},"line":43},"10":{"name":"(anonymous_10)","decl":{"start":{"line":44,"column":2},"end":{"line":44,"column":19}},"loc":{"start":{"line":44,"column":19},"end":{"line":44,"column":null}},"line":44},"11":{"name":"(anonymous_11)","decl":{"start":{"line":45,"column":2},"end":{"line":45,"column":19}},"loc":{"start":{"line":45,"column":19},"end":{"line":45,"column":null}},"line":45},"12":{"name":"(anonymous_12)","decl":{"start":{"line":47,"column":2},"end":{"line":47,"column":16}},"loc":{"start":{"line":47,"column":33},"end":{"line":47,"column":null}},"line":47},"13":{"name":"(anonymous_13)","decl":{"start":{"line":48,"column":2},"end":{"line":48,"column":16}},"loc":{"start":{"line":48,"column":33},"end":{"line":48,"column":null}},"line":48},"14":{"name":"(anonymous_14)","decl":{"start":{"line":49,"column":2},"end":{"line":49,"column":16}},"loc":{"start":{"line":49,"column":33},"end":{"line":49,"column":null}},"line":49},"15":{"name":"(anonymous_15)","decl":{"start":{"line":50,"column":2},"end":{"line":50,"column":16}},"loc":{"start":{"line":50,"column":33},"end":{"line":50,"column":null}},"line":50},"16":{"name":"(anonymous_16)","decl":{"start":{"line":59,"column":15},"end":{"line":59,"column":20}},"loc":{"start":{"line":59,"column":64},"end":{"line":65,"column":null}},"line":59},"17":{"name":"(anonymous_17)","decl":{"start":{"line":68,"column":9},"end":{"line":68,"column":18}},"loc":{"start":{"line":68,"column":54},"end":{"line":69,"column":null}},"line":68},"18":{"name":"(anonymous_18)","decl":{"start":{"line":72,"column":17},"end":{"line":72,"column":23}},"loc":{"start":{"line":72,"column":79},"end":{"line":141,"column":null}},"line":72},"19":{"name":"(anonymous_19)","decl":{"start":{"line":104,"column":26},"end":{"line":104,"column":30}},"loc":{"start":{"line":104,"column":35},"end":{"line":110,"column":11}},"line":104},"20":{"name":"(anonymous_20)","decl":{"start":{"line":134,"column":30},"end":{"line":134,"column":43}},"loc":{"start":{"line":134,"column":43},"end":{"line":134,"column":58}},"line":134},"21":{"name":"(anonymous_21)","decl":{"start":{"line":135,"column":30},"end":{"line":135,"column":43}},"loc":{"start":{"line":135,"column":43},"end":{"line":135,"column":58}},"line":135},"22":{"name":"(anonymous_22)","decl":{"start":{"line":136,"column":30},"end":{"line":136,"column":43}},"loc":{"start":{"line":136,"column":43},"end":{"line":136,"column":58}},"line":136},"23":{"name":"(anonymous_23)","decl":{"start":{"line":136,"column":58},"end":{"line":136,"column":null}},"loc":{"start":{"line":137,"column":43},"end":{"line":137,"column":58}},"line":137},"24":{"name":"(anonymous_24)","decl":{"start":{"line":149,"column":17},"end":{"line":149,"column":27}},"loc":{"start":{"line":149,"column":79},"end":{"line":180,"column":null}},"line":149},"25":{"name":"(anonymous_25)","decl":{"start":{"line":167,"column":52},"end":{"line":167,"column":60}},"loc":{"start":{"line":167,"column":60},"end":{"line":167,"column":62}},"line":167}},"branchMap":{"0":{"loc":{"start":{"line":61,"column":4},"end":{"line":62,"column":null}},"type":"if","locations":[{"start":{"line":61,"column":4},"end":{"line":62,"column":null}},{"start":{},"end":{}}],"line":61},"1":{"loc":{"start":{"line":84,"column":6},"end":{"line":84,"column":null}},"type":"if","locations":[{"start":{"line":84,"column":6},"end":{"line":84,"column":null}},{"start":{},"end":{}}],"line":84},"2":{"loc":{"start":{"line":84,"column":10},"end":{"line":84,"column":39}},"type":"binary-expr","locations":[{"start":{"line":84,"column":10},"end":{"line":84,"column":19}},{"start":{"line":84,"column":19},"end":{"line":84,"column":39}}],"line":84},"3":{"loc":{"start":{"line":86,"column":6},"end":{"line":88,"column":null}},"type":"if","locations":[{"start":{"line":86,"column":6},"end":{"line":88,"column":null}},{"start":{},"end":{}}],"line":86},"4":{"loc":{"start":{"line":86,"column":10},"end":{"line":86,"column":75}},"type":"binary-expr","locations":[{"start":{"line":86,"column":10},"end":{"line":86,"column":31}},{"start":{"line":86,"column":31},"end":{"line":86,"column":51}},{"start":{"line":86,"column":51},"end":{"line":86,"column":75}}],"line":86},"5":{"loc":{"start":{"line":90,"column":6},"end":{"line":91,"column":null}},"type":"if","locations":[{"start":{"line":90,"column":6},"end":{"line":91,"column":null}},{"start":{},"end":{}}],"line":90},"6":{"loc":{"start":{"line":95,"column":6},"end":{"line":123,"column":null}},"type":"if","locations":[{"start":{"line":95,"column":6},"end":{"line":123,"column":null}},{"start":{"line":100,"column":17},"end":{"line":123,"column":null}}],"line":95},"7":{"loc":{"start":{"line":96,"column":8},"end":{"line":97,"column":null}},"type":"if","locations":[{"start":{"line":96,"column":8},"end":{"line":97,"column":null}},{"start":{},"end":{}}],"line":96},"8":{"loc":{"start":{"line":100,"column":17},"end":{"line":123,"column":null}},"type":"if","locations":[{"start":{"line":100,"column":17},"end":{"line":123,"column":null}},{"start":{"line":111,"column":13},"end":{"line":123,"column":null}}],"line":100},"9":{"loc":{"start":{"line":101,"column":8},"end":{"line":102,"column":null}},"type":"if","locations":[{"start":{"line":101,"column":8},"end":{"line":102,"column":null}},{"start":{},"end":{}}],"line":101},"10":{"loc":{"start":{"line":106,"column":10},"end":{"line":107,"column":null}},"type":"if","locations":[{"start":{"line":106,"column":10},"end":{"line":107,"column":null}},{"start":{},"end":{}}],"line":106},"11":{"loc":{"start":{"line":106,"column":14},"end":{"line":106,"column":47}},"type":"binary-expr","locations":[{"start":{"line":106,"column":14},"end":{"line":106,"column":25}},{"start":{"line":106,"column":25},"end":{"line":106,"column":47}}],"line":106},"12":{"loc":{"start":{"line":112,"column":8},"end":{"line":113,"column":null}},"type":"if","locations":[{"start":{"line":112,"column":8},"end":{"line":113,"column":null}},{"start":{},"end":{}}],"line":112},"13":{"loc":{"start":{"line":116,"column":8},"end":{"line":117,"column":null}},"type":"if","locations":[{"start":{"line":116,"column":8},"end":{"line":117,"column":null}},{"start":{},"end":{}}],"line":116},"14":{"loc":{"start":{"line":120,"column":8},"end":{"line":121,"column":null}},"type":"if","locations":[{"start":{"line":120,"column":8},"end":{"line":121,"column":null}},{"start":{},"end":{}}],"line":120},"15":{"loc":{"start":{"line":120,"column":12},"end":{"line":120,"column":40}},"type":"binary-expr","locations":[{"start":{"line":120,"column":12},"end":{"line":120,"column":24}},{"start":{"line":120,"column":28},"end":{"line":120,"column":40}}],"line":120},"16":{"loc":{"start":{"line":127,"column":4},"end":{"line":127,"column":null}},"type":"if","locations":[{"start":{"line":127,"column":4},"end":{"line":127,"column":null}},{"start":{},"end":{}}],"line":127},"17":{"loc":{"start":{"line":128,"column":4},"end":{"line":128,"column":null}},"type":"if","locations":[{"start":{"line":128,"column":4},"end":{"line":128,"column":null}},{"start":{},"end":{}}],"line":128},"18":{"loc":{"start":{"line":134,"column":21},"end":{"line":137,"column":58}},"type":"cond-expr","locations":[{"start":{"line":134,"column":30},"end":{"line":134,"column":58}},{"start":{"line":135,"column":21},"end":{"line":137,"column":58}}],"line":134},"19":{"loc":{"start":{"line":135,"column":21},"end":{"line":137,"column":58}},"type":"cond-expr","locations":[{"start":{"line":135,"column":30},"end":{"line":135,"column":58}},{"start":{"line":136,"column":21},"end":{"line":137,"column":58}}],"line":135},"20":{"loc":{"start":{"line":136,"column":21},"end":{"line":137,"column":58}},"type":"cond-expr","locations":[{"start":{"line":136,"column":30},"end":{"line":136,"column":58}},{"start":{"line":136,"column":58},"end":{"line":137,"column":58}}],"line":136},"21":{"loc":{"start":{"line":163,"column":14},"end":{"line":163,"column":67}},"type":"cond-expr","locations":[{"start":{"line":163,"column":24},"end":{"line":163,"column":57}},{"start":{"line":163,"column":57},"end":{"line":163,"column":67}}],"line":163},"22":{"loc":{"start":{"line":174,"column":6},"end":{"line":174,"column":null}},"type":"if","locations":[{"start":{"line":174,"column":6},"end":{"line":174,"column":null}},{"start":{},"end":{}}],"line":174}},"s":{"0":2,"1":28,"2":28,"3":28,"4":28,"5":2,"6":1,"7":75,"8":4,"9":266,"10":1,"11":12,"12":3,"13":12,"14":1,"15":4,"16":1,"17":4,"18":123,"19":4331,"20":13,"21":116,"22":0,"23":0,"24":0,"25":0,"26":10,"27":40,"28":0,"29":0,"30":0,"31":0,"32":0,"33":38,"34":38,"35":38,"36":38,"37":38,"38":38,"39":38,"40":38,"41":481,"42":481,"43":481,"44":109,"45":372,"46":78,"47":78,"48":294,"49":1,"50":293,"51":293,"52":200,"53":2,"54":198,"55":93,"56":87,"57":1,"58":86,"59":386,"60":386,"61":2,"62":384,"63":6,"64":1,"65":5,"66":5,"67":1,"68":4,"69":4,"70":1,"71":3,"72":29,"73":29,"74":29,"75":29,"76":28,"77":28,"78":28,"79":3,"80":0,"81":0,"82":0,"83":121,"84":3,"85":3,"86":121,"87":28,"88":28,"89":28,"90":28,"91":28,"92":81,"93":81,"94":81,"95":81,"96":81,"97":81,"98":81,"99":81,"100":81,"101":81,"102":81,"103":81,"104":81,"105":81,"106":28,"107":181,"108":28,"109":28,"110":81,"111":373,"112":28,"113":28,"114":28,"115":181,"116":0,"117":181,"118":181,"119":181,"120":181,"121":373,"122":373,"123":373,"124":181,"125":181,"126":28},"f":{"0":28,"1":2,"2":1,"3":75,"4":4,"5":266,"6":1,"7":12,"8":3,"9":1,"10":1,"11":123,"12":13,"13":0,"14":0,"15":10,"16":28,"17":28,"18":28,"19":386,"20":0,"21":0,"22":0,"23":121,"24":28,"25":181},"b":{"0":[0,0],"1":[109,372],"2":[481,413],"3":[78,294],"4":[372,335,300],"5":[1,293],"6":[200,93],"7":[2,198],"8":[87,6],"9":[1,86],"10":[2,384],"11":[386,386],"12":[1,5],"13":[1,4],"14":[1,3],"15":[4,4],"16":[0,29],"17":[1,28],"18":[0,3],"19":[0,3],"20":[0,121],"21":[81,0],"22":[0,181]},"meta":{"lastBranch":23,"lastFunction":26,"lastStatement":127,"seen":{"s:5:47:9:Infinity":0,"f:24:2:24:10":0,"s:25:4:25:Infinity":1,"s:26:4:26:Infinity":2,"s:27:4:27:Infinity":3,"s:28:4:28:Infinity":4,"f:31:2:31:22":1,"s:31:24:31:Infinity":5,"f:32:2:32:12":2,"s:32:31:32:Infinity":6,"f:34:2:34:23":3,"s:34:25:34:Infinity":7,"f:35:2:35:23":4,"s:35:25:35:Infinity":8,"f:36:2:36:10":5,"s:36:33:36:Infinity":9,"f:37:2:37:9":6,"s:37:33:37:Infinity":10,"f:38:2:38:14":7,"s:38:35:38:Infinity":11,"f:42:2:42:19":8,"s:42:21:42:Infinity":12,"s:42:50:42:Infinity":13,"f:43:2:43:19":9,"s:43:21:43:Infinity":14,"s:43:50:43:Infinity":15,"f:44:2:44:19":10,"s:44:21:44:Infinity":16,"s:44:50:44:Infinity":17,"f:45:2:45:19":11,"s:45:21:45:Infinity":18,"s:45:50:45:Infinity":19,"f:47:2:47:16":12,"s:47:35:47:Infinity":20,"s:47:64:47:Infinity":21,"f:48:2:48:16":13,"s:48:35:48:Infinity":22,"s:48:64:48:Infinity":23,"f:49:2:49:16":14,"s:49:35:49:Infinity":24,"s:49:64:49:Infinity":25,"f:50:2:50:16":15,"s:50:35:50:Infinity":26,"s:50:64:50:Infinity":27,"f:59:15:59:20":16,"s:60:21:60:37":28,"b:61:4:62:Infinity:undefined:undefined:undefined:undefined":0,"s:61:4:62:Infinity":29,"s:62:6:62:Infinity":30,"s:64:17:64:38":31,"s:65:4:65:Infinity":32,"f:68:9:68:18":17,"s:69:4:69:Infinity":33,"f:72:17:72:23":18,"s:73:30:73:32":34,"s:74:31:74:33":35,"s:75:64:75:66":36,"s:76:61:76:Infinity":37,"s:77:18:77:Infinity":38,"s:79:23:79:56":39,"s:81:4:123:Infinity":40,"s:82:6:82:Infinity":41,"s:83:19:83:29":42,"b:84:6:84:Infinity:undefined:undefined:undefined:undefined":1,"s:84:6:84:Infinity":43,"b:84:10:84:19:84:19:84:39":2,"s:84:41:84:Infinity":44,"b:86:6:88:Infinity:undefined:undefined:undefined:undefined":3,"s:86:6:88:Infinity":45,"b:86:10:86:31:86:31:86:51:86:51:86:75":4,"s:87:8:87:Infinity":46,"s:88:8:88:Infinity":47,"b:90:6:91:Infinity:undefined:undefined:undefined:undefined":5,"s:90:6:91:Infinity":48,"s:91:8:91:Infinity":49,"s:94:21:94:38":50,"b:95:6:123:Infinity:100:17:123:Infinity":6,"s:95:6:123:Infinity":51,"b:96:8:97:Infinity:undefined:undefined:undefined:undefined":7,"s:96:8:97:Infinity":52,"s:97:10:97:Infinity":53,"s:99:8:99:Infinity":54,"b:100:17:123:Infinity:111:13:123:Infinity":8,"s:100:17:123:Infinity":55,"b:101:8:102:Infinity:undefined:undefined:undefined:undefined":9,"s:101:8:102:Infinity":56,"s:102:10:102:Infinity":57,"s:104:8:110:Infinity":58,"f:104:26:104:30":19,"s:105:22:105:37":59,"b:106:10:107:Infinity:undefined:undefined:undefined:undefined":10,"s:106:10:107:Infinity":60,"b:106:14:106:25:106:25:106:47":11,"s:107:12:107:Infinity":61,"s:109:10:109:Infinity":62,"b:112:8:113:Infinity:undefined:undefined:undefined:undefined":12,"s:112:8:113:Infinity":63,"s:113:10:113:Infinity":64,"s:115:21:115:44":65,"b:116:8:117:Infinity:undefined:undefined:undefined:undefined":13,"s:116:8:117:Infinity":66,"s:117:10:117:Infinity":67,"s:119:22:119:45":68,"b:120:8:121:Infinity:undefined:undefined:undefined:undefined":14,"s:120:8:121:Infinity":69,"b:120:12:120:24:120:28:120:40":15,"s:121:10:121:Infinity":70,"s:123:8:123:Infinity":71,"b:127:4:127:Infinity:undefined:undefined:undefined:undefined":16,"s:127:4:127:Infinity":72,"s:127:29:127:Infinity":73,"b:128:4:128:Infinity:undefined:undefined:undefined:undefined":17,"s:128:4:128:Infinity":74,"s:128:29:128:Infinity":75,"s:130:21:130:50":76,"s:131:17:131:58":77,"s:133:4:138:Infinity":78,"s:134:21:137:58":79,"b:134:30:134:58:135:21:137:58":18,"f:134:30:134:43":20,"s:134:43:134:58":80,"b:135:30:135:58:136:21:137:58":19,"f:135:30:135:43":21,"s:135:43:135:58":81,"b:136:30:136:58:136:58:137:58":20,"f:136:30:136:43":22,"s:136:43:136:58":82,"f:136:58:136:Infinity":23,"s:137:43:137:58":83,"s:138:6:138:Infinity":84,"s:138:19:138:22":85,"s:138:38:138:Infinity":86,"s:141:4:141:Infinity":87,"f:149:17:149:27":24,"s:150:15:150:Infinity":88,"s:151:15:151:Infinity":89,"s:154:43:154:45":90,"s:155:4:163:Infinity":91,"s:156:17:156:34":92,"s:156:39:156:56":93,"s:156:61:156:Infinity":94,"s:157:17:157:30":95,"s:157:35:157:48":96,"s:157:53:157:Infinity":97,"s:158:17:158:30":98,"s:158:35:158:48":99,"s:158:53:158:Infinity":100,"s:159:17:159:Infinity":101,"s:160:17:160:Infinity":102,"s:161:17:161:Infinity":103,"s:162:18:162:56":104,"s:163:6:163:Infinity":105,"b:163:24:163:57:163:57:163:67":21,"s:167:28:167:63":106,"f:167:52:167:60":25,"s:167:60:167:62":107,"s:168:4:169:Infinity":108,"s:168:18:168:21":109,"s:169:6:169:Infinity":110,"s:169:35:169:Infinity":111,"s:172:15:172:34":112,"s:173:4:178:Infinity":113,"s:173:17:173:20":114,"b:174:6:174:Infinity:undefined:undefined:undefined:undefined":22,"s:174:6:174:Infinity":115,"s:174:31:174:Infinity":116,"s:175:15:175:18":117,"s:175:23:175:26":118,"s:175:31:175:Infinity":119,"s:176:6:176:Infinity":120,"s:176:33:176:50":121,"s:176:50:176:67":122,"s:176:67:176:Infinity":123,"s:177:22:177:Infinity":124,"s:178:6:178:Infinity":125,"s:180:4:180:Infinity":126}}}
,"/Users/wd974637/IdeaProjects/simple3d/src/web/src/model/Point3D.ts": {"path":"/Users/wd974637/IdeaProjects/simple3d/src/web/src/model/Point3D.ts","statementMap":{"0":{"start":{"line":11,"column":35},"end":{"line":11,"column":null}},"1":{"start":{"line":12,"column":24},"end":{"line":12,"column":56}},"2":{"start":{"line":13,"column":24},"end":{"line":13,"column":56}},"3":{"start":{"line":20,"column":4},"end":{"line":20,"column":null}},"4":{"start":{"line":21,"column":4},"end":{"line":21,"column":null}},"5":{"start":{"line":22,"column":4},"end":{"line":22,"column":null}},"6":{"start":{"line":26,"column":16},"end":{"line":26,"column":null}},"7":{"start":{"line":27,"column":4},"end":{"line":27,"column":null}},"8":{"start":{"line":28,"column":4},"end":{"line":28,"column":null}},"9":{"start":{"line":32,"column":16},"end":{"line":32,"column":null}},"10":{"start":{"line":33,"column":4},"end":{"line":33,"column":null}},"11":{"start":{"line":34,"column":4},"end":{"line":34,"column":null}},"12":{"start":{"line":38,"column":16},"end":{"line":38,"column":null}},"13":{"start":{"line":39,"column":4},"end":{"line":39,"column":null}},"14":{"start":{"line":40,"column":4},"end":{"line":40,"column":null}},"15":{"start":{"line":44,"column":16},"end":{"line":44,"column":null}},"16":{"start":{"line":45,"column":4},"end":{"line":45,"column":null}},"17":{"start":{"line":46,"column":4},"end":{"line":46,"column":null}},"18":{"start":{"line":50,"column":16},"end":{"line":50,"column":31}},"19":{"start":{"line":50,"column":39},"end":{"line":50,"column":54}},"20":{"start":{"line":51,"column":16},"end":{"line":51,"column":null}},"21":{"start":{"line":52,"column":4},"end":{"line":52,"column":null}},"22":{"start":{"line":53,"column":4},"end":{"line":53,"column":null}},"23":{"start":{"line":57,"column":16},"end":{"line":57,"column":31}},"24":{"start":{"line":57,"column":39},"end":{"line":57,"column":54}},"25":{"start":{"line":58,"column":16},"end":{"line":58,"column":null}},"26":{"start":{"line":59,"column":4},"end":{"line":59,"column":null}},"27":{"start":{"line":60,"column":4},"end":{"line":60,"column":null}},"28":{"start":{"line":64,"column":16},"end":{"line":64,"column":31}},"29":{"start":{"line":64,"column":39},"end":{"line":64,"column":54}},"30":{"start":{"line":65,"column":16},"end":{"line":65,"column":null}},"31":{"start":{"line":66,"column":4},"end":{"line":66,"column":null}},"32":{"start":{"line":67,"column":4},"end":{"line":67,"column":null}},"33":{"start":{"line":71,"column":16},"end":{"line":71,"column":31}},"34":{"start":{"line":71,"column":39},"end":{"line":71,"column":54}},"35":{"start":{"line":72,"column":16},"end":{"line":72,"column":null}},"36":{"start":{"line":73,"column":4},"end":{"line":73,"column":null}},"37":{"start":{"line":74,"column":4},"end":{"line":74,"column":null}}},"fnMap":{"0":{"name":"(anonymous_0)","decl":{"start":{"line":19,"column":2},"end":{"line":19,"column":14}},"loc":{"start":{"line":19,"column":35},"end":{"line":22,"column":null}},"line":19},"1":{"name":"(anonymous_1)","decl":{"start":{"line":25,"column":2},"end":{"line":25,"column":19}},"loc":{"start":{"line":25,"column":19},"end":{"line":28,"column":null}},"line":25},"2":{"name":"(anonymous_2)","decl":{"start":{"line":31,"column":2},"end":{"line":31,"column":19}},"loc":{"start":{"line":31,"column":19},"end":{"line":34,"column":null}},"line":31},"3":{"name":"(anonymous_3)","decl":{"start":{"line":37,"column":2},"end":{"line":37,"column":19}},"loc":{"start":{"line":37,"column":19},"end":{"line":40,"column":null}},"line":37},"4":{"name":"(anonymous_4)","decl":{"start":{"line":43,"column":2},"end":{"line":43,"column":19}},"loc":{"start":{"line":43,"column":19},"end":{"line":46,"column":null}},"line":43},"5":{"name":"(anonymous_5)","decl":{"start":{"line":49,"column":2},"end":{"line":49,"column":16}},"loc":{"start":{"line":49,"column":37},"end":{"line":53,"column":null}},"line":49},"6":{"name":"(anonymous_6)","decl":{"start":{"line":56,"column":2},"end":{"line":56,"column":16}},"loc":{"start":{"line":56,"column":37},"end":{"line":60,"column":null}},"line":56},"7":{"name":"(anonymous_7)","decl":{"start":{"line":63,"column":2},"end":{"line":63,"column":16}},"loc":{"start":{"line":63,"column":37},"end":{"line":67,"column":null}},"line":63},"8":{"name":"(anonymous_8)","decl":{"start":{"line":70,"column":2},"end":{"line":70,"column":16}},"loc":{"start":{"line":70,"column":37},"end":{"line":74,"column":null}},"line":70}},"branchMap":{"0":{"loc":{"start":{"line":19,"column":14},"end":{"line":19,"column":21}},"type":"default-arg","locations":[{"start":{"line":19,"column":18},"end":{"line":19,"column":21}}],"line":19},"1":{"loc":{"start":{"line":19,"column":21},"end":{"line":19,"column":28}},"type":"default-arg","locations":[{"start":{"line":19,"column":25},"end":{"line":19,"column":28}}],"line":19},"2":{"loc":{"start":{"line":19,"column":28},"end":{"line":19,"column":35}},"type":"default-arg","locations":[{"start":{"line":19,"column":32},"end":{"line":19,"column":35}}],"line":19}},"s":{"0":229,"1":229,"2":229,"3":226,"4":226,"5":226,"6":139,"7":139,"8":139,"9":130,"10":130,"11":130,"12":6,"13":6,"14":6,"15":4333,"16":4333,"17":4333,"18":120,"19":120,"20":120,"21":120,"22":120,"23":4,"24":4,"25":4,"26":4,"27":4,"28":1,"29":1,"30":1,"31":1,"32":1,"33":41,"34":41,"35":41,"36":41,"37":41},"f":{"0":226,"1":139,"2":130,"3":6,"4":4333,"5":120,"6":4,"7":1,"8":41},"b":{"0":[226],"1":[226],"2":[226]},"meta":{"lastBranch":3,"lastFunction":9,"lastStatement":38,"seen":{"s:11:35:11:Infinity":0,"s:12:24:12:56":1,"s:13:24:13:56":2,"f:19:2:19:14":0,"b:19:18:19:21":0,"b:19:25:19:28":1,"b:19:32:19:35":2,"s:20:4:20:Infinity":3,"s:21:4:21:Infinity":4,"s:22:4:22:Infinity":5,"f:25:2:25:19":1,"s:26:16:26:Infinity":6,"s:27:4:27:Infinity":7,"s:28:4:28:Infinity":8,"f:31:2:31:19":2,"s:32:16:32:Infinity":9,"s:33:4:33:Infinity":10,"s:34:4:34:Infinity":11,"f:37:2:37:19":3,"s:38:16:38:Infinity":12,"s:39:4:39:Infinity":13,"s:40:4:40:Infinity":14,"f:43:2:43:19":4,"s:44:16:44:Infinity":15,"s:45:4:45:Infinity":16,"s:46:4:46:Infinity":17,"f:49:2:49:16":5,"s:50:16:50:31":18,"s:50:39:50:54":19,"s:51:16:51:Infinity":20,"s:52:4:52:Infinity":21,"s:53:4:53:Infinity":22,"f:56:2:56:16":6,"s:57:16:57:31":23,"s:57:39:57:54":24,"s:58:16:58:Infinity":25,"s:59:4:59:Infinity":26,"s:60:4:60:Infinity":27,"f:63:2:63:16":7,"s:64:16:64:31":28,"s:64:39:64:54":29,"s:65:16:65:Infinity":30,"s:66:4:66:Infinity":31,"s:67:4:67:Infinity":32,"f:70:2:70:16":8,"s:71:16:71:31":33,"s:71:39:71:54":34,"s:72:16:72:Infinity":35,"s:73:4:73:Infinity":36,"s:74:4:74:Infinity":37}}}
,"/Users/wd974637/IdeaProjects/simple3d/src/web/src/render/effect/ElasticEffect.ts": {"path":"/Users/wd974637/IdeaProjects/simple3d/src/web/src/render/effect/ElasticEffect.ts","statementMap":{"0":{"start":{"line":14,"column":40},"end":{"line":14,"column":null}},"1":{"start":{"line":15,"column":40},"end":{"line":15,"column":null}},"2":{"start":{"line":17,"column":40},"end":{"line":17,"column":null}},"3":{"start":{"line":19,"column":27},"end":{"line":19,"column":null}},"4":{"start":{"line":20,"column":40},"end":{"line":20,"column":null}},"5":{"start":{"line":21,"column":40},"end":{"line":21,"column":null}},"6":{"start":{"line":23,"column":15},"end":{"line":23,"column":null}},"7":{"start":{"line":24,"column":15},"end":{"line":24,"column":null}},"8":{"start":{"line":25,"column":25},"end":{"line":25,"column":null}},"9":{"start":{"line":26,"column":25},"end":{"line":26,"column":null}},"10":{"start":{"line":27,"column":59},"end":{"line":27,"column":null}},"11":{"start":{"line":29,"column":31},"end":{"line":29,"column":52}},"12":{"start":{"line":33,"column":4},"end":{"line":33,"column":null}},"13":{"start":{"line":34,"column":4},"end":{"line":34,"column":null}},"14":{"start":{"line":35,"column":4},"end":{"line":35,"column":null}},"15":{"start":{"line":36,"column":4},"end":{"line":36,"column":null}},"16":{"start":{"line":37,"column":4},"end":{"line":37,"column":null}},"17":{"start":{"line":38,"column":4},"end":{"line":38,"column":null}},"18":{"start":{"line":38,"column":37},"end":{"line":38,"column":48}},"19":{"start":{"line":42,"column":4},"end":{"line":42,"column":null}},"20":{"start":{"line":46,"column":4},"end":{"line":46,"column":null}},"21":{"start":{"line":61,"column":37},"end":{"line":61,"column":null}},"22":{"start":{"line":62,"column":14},"end":{"line":62,"column":null}},"23":{"start":{"line":63,"column":15},"end":{"line":63,"column":38}},"24":{"start":{"line":64,"column":15},"end":{"line":64,"column":38}},"25":{"start":{"line":65,"column":15},"end":{"line":65,"column":38}},"26":{"start":{"line":66,"column":15},"end":{"line":66,"column":38}},"27":{"start":{"line":68,"column":4},"end":{"line":97,"column":null}},"28":{"start":{"line":68,"column":18},"end":{"line":68,"column":22}},"29":{"start":{"line":69,"column":6},"end":{"line":97,"column":null}},"30":{"start":{"line":69,"column":20},"end":{"line":69,"column":24}},"31":{"start":{"line":70,"column":20},"end":{"line":70,"column":null}},"32":{"start":{"line":71,"column":20},"end":{"line":71,"column":null}},"33":{"start":{"line":72,"column":20},"end":{"line":72,"column":52}},"34":{"start":{"line":73,"column":8},"end":{"line":73,"column":null}},"35":{"start":{"line":73,"column":31},"end":{"line":73,"column":null}},"36":{"start":{"line":75,"column":27},"end":{"line":75,"column":null}},"37":{"start":{"line":76,"column":27},"end":{"line":76,"column":null}},"38":{"start":{"line":77,"column":27},"end":{"line":77,"column":null}},"39":{"start":{"line":78,"column":14},"end":{"line":78,"column":null}},"40":{"start":{"line":80,"column":8},"end":{"line":86,"column":null}},"41":{"start":{"line":81,"column":26},"end":{"line":81,"column":null}},"42":{"start":{"line":82,"column":10},"end":{"line":82,"column":null}},"43":{"start":{"line":83,"column":10},"end":{"line":83,"column":null}},"44":{"start":{"line":84,"column":10},"end":{"line":84,"column":null}},"45":{"start":{"line":85,"column":10},"end":{"line":85,"column":null}},"46":{"start":{"line":86,"column":10},"end":{"line":86,"column":null}},"47":{"start":{"line":89,"column":22},"end":{"line":89,"column":null}},"48":{"start":{"line":90,"column":22},"end":{"line":90,"column":80}},"49":{"start":{"line":91,"column":22},"end":{"line":91,"column":80}},"50":{"start":{"line":92,"column":14},"end":{"line":92,"column":null}},"51":{"start":{"line":94,"column":8},"end":{"line":94,"column":null}},"52":{"start":{"line":95,"column":8},"end":{"line":95,"column":null}},"53":{"start":{"line":96,"column":8},"end":{"line":96,"column":null}},"54":{"start":{"line":97,"column":8},"end":{"line":97,"column":null}},"55":{"start":{"line":103,"column":16},"end":{"line":103,"column":null}},"56":{"start":{"line":104,"column":16},"end":{"line":105,"column":null}},"57":{"start":{"line":106,"column":4},"end":{"line":106,"column":null}},"58":{"start":{"line":107,"column":4},"end":{"line":107,"column":null}},"59":{"start":{"line":109,"column":4},"end":{"line":115,"column":null}},"60":{"start":{"line":113,"column":6},"end":{"line":113,"column":null}},"61":{"start":{"line":114,"column":6},"end":{"line":114,"column":null}},"62":{"start":{"line":115,"column":6},"end":{"line":115,"column":null}},"63":{"start":{"line":117,"column":4},"end":{"line":117,"column":null}},"64":{"start":{"line":121,"column":4},"end":{"line":123,"column":null}},"65":{"start":{"line":122,"column":6},"end":{"line":122,"column":null}},"66":{"start":{"line":123,"column":6},"end":{"line":123,"column":null}}},"fnMap":{"0":{"name":"(anonymous_0)","decl":{"start":{"line":29,"column":2},"end":{"line":29,"column":14}},"loc":{"start":{"line":29,"column":52},"end":{"line":29,"column":52}},"line":29},"1":{"name":"(anonymous_1)","decl":{"start":{"line":32,"column":2},"end":{"line":32,"column":10}},"loc":{"start":{"line":32,"column":38},"end":{"line":38,"column":null}},"line":32},"2":{"name":"(anonymous_2)","decl":{"start":{"line":38,"column":19},"end":{"line":38,"column":37}},"loc":{"start":{"line":38,"column":37},"end":{"line":38,"column":48}},"line":38},"3":{"name":"(anonymous_3)","decl":{"start":{"line":41,"column":2},"end":{"line":41,"column":22}},"loc":{"start":{"line":41,"column":22},"end":{"line":42,"column":null}},"line":41},"4":{"name":"(anonymous_4)","decl":{"start":{"line":45,"column":2},"end":{"line":45,"column":15}},"loc":{"start":{"line":45,"column":15},"end":{"line":46,"column":null}},"line":45},"5":{"name":"(anonymous_5)","decl":{"start":{"line":55,"column":2},"end":{"line":55,"column":null}},"loc":{"start":{"line":60,"column":10},"end":{"line":97,"column":null}},"line":60},"6":{"name":"(anonymous_6)","decl":{"start":{"line":102,"column":2},"end":{"line":102,"column":10}},"loc":{"start":{"line":102,"column":23},"end":{"line":117,"column":null}},"line":102},"7":{"name":"(anonymous_7)","decl":{"start":{"line":120,"column":2},"end":{"line":120,"column":10}},"loc":{"start":{"line":120,"column":29},"end":{"line":123,"column":null}},"line":120}},"branchMap":{"0":{"loc":{"start":{"line":73,"column":8},"end":{"line":73,"column":null}},"type":"if","locations":[{"start":{"line":73,"column":8},"end":{"line":73,"column":null}},{"start":{},"end":{}}],"line":73},"1":{"loc":{"start":{"line":73,"column":12},"end":{"line":73,"column":31}},"type":"binary-expr","locations":[{"start":{"line":73,"column":12},"end":{"line":73,"column":23}},{"start":{"line":73,"column":23},"end":{"line":73,"column":31}}],"line":73},"2":{"loc":{"start":{"line":80,"column":8},"end":{"line":86,"column":null}},"type":"if","locations":[{"start":{"line":80,"column":8},"end":{"line":86,"column":null}},{"start":{},"end":{}}],"line":80},"3":{"loc":{"start":{"line":109,"column":4},"end":{"line":115,"column":null}},"type":"if","locations":[{"start":{"line":109,"column":4},"end":{"line":115,"column":null}},{"start":{},"end":{}}],"line":109},"4":{"loc":{"start":{"line":110,"column":6},"end":{"line":111,"column":null}},"type":"binary-expr","locations":[{"start":{"line":110,"column":6},"end":{"line":110,"column":null}},{"start":{"line":111,"column":6},"end":{"line":111,"column":null}}],"line":110},"5":{"loc":{"start":{"line":121,"column":4},"end":{"line":123,"column":null}},"type":"if","locations":[{"start":{"line":121,"column":4},"end":{"line":123,"column":null}},{"start":{},"end":{}}],"line":121}},"s":{"0":1,"1":1,"2":1,"3":1,"4":1,"5":1,"6":1,"7":1,"8":1,"9":1,"10":1,"11":7,"12":7,"13":7,"14":7,"15":7,"16":7,"17":7,"18":0,"19":4,"20":0,"21":4,"22":4,"23":4,"24":4,"25":4,"26":4,"27":4,"28":4,"29":484,"30":484,"31":58564,"32":58564,"33":58564,"34":58564,"35":13460,"36":45104,"37":45104,"38":45104,"39":45104,"40":45104,"41":0,"42":0,"43":0,"44":0,"45":0,"46":0,"47":45104,"48":45104,"49":45104,"50":45104,"51":45104,"52":45104,"53":45104,"54":45104,"55":0,"56":0,"57":0,"58":0,"59":0,"60":0,"61":0,"62":0,"63":0,"64":7,"65":1,"66":1},"f":{"0":7,"1":7,"2":0,"3":4,"4":0,"5":4,"6":0,"7":7},"b":{"0":[13460,45104],"1":[58564,58560],"2":[0,45104],"3":[0,0],"4":[0,0],"5":[1,6]},"meta":{"lastBranch":6,"lastFunction":8,"lastStatement":67,"seen":{"s:14:40:14:Infinity":0,"s:15:40:15:Infinity":1,"s:17:40:17:Infinity":2,"s:19:27:19:Infinity":3,"s:20:40:20:Infinity":4,"s:21:40:21:Infinity":5,"s:23:15:23:Infinity":6,"s:24:15:24:Infinity":7,"s:25:25:25:Infinity":8,"s:26:25:26:Infinity":9,"s:27:59:27:Infinity":10,"f:29:2:29:14":0,"s:29:31:29:52":11,"f:32:2:32:10":1,"s:33:4:33:Infinity":12,"s:34:4:34:Infinity":13,"s:35:4:35:Infinity":14,"s:36:4:36:Infinity":15,"s:37:4:37:Infinity":16,"s:38:4:38:Infinity":17,"f:38:19:38:37":2,"s:38:37:38:48":18,"f:41:2:41:22":3,"s:42:4:42:Infinity":19,"f:45:2:45:15":4,"s:46:4:46:Infinity":20,"f:55:2:55:Infinity":5,"s:61:37:61:Infinity":21,"s:62:14:62:Infinity":22,"s:63:15:63:38":23,"s:64:15:64:38":24,"s:65:15:65:38":25,"s:66:15:66:38":26,"s:68:4:97:Infinity":27,"s:68:18:68:22":28,"s:69:6:97:Infinity":29,"s:69:20:69:24":30,"s:70:20:70:Infinity":31,"s:71:20:71:Infinity":32,"s:72:20:72:52":33,"b:73:8:73:Infinity:undefined:undefined:undefined:undefined":0,"s:73:8:73:Infinity":34,"b:73:12:73:23:73:23:73:31":1,"s:73:31:73:Infinity":35,"s:75:27:75:Infinity":36,"s:76:27:76:Infinity":37,"s:77:27:77:Infinity":38,"s:78:14:78:Infinity":39,"b:80:8:86:Infinity:undefined:undefined:undefined:undefined":2,"s:80:8:86:Infinity":40,"s:81:26:81:Infinity":41,"s:82:10:82:Infinity":42,"s:83:10:83:Infinity":43,"s:84:10:84:Infinity":44,"s:85:10:85:Infinity":45,"s:86:10:86:Infinity":46,"s:89:22:89:Infinity":47,"s:90:22:90:80":48,"s:91:22:91:80":49,"s:92:14:92:Infinity":50,"s:94:8:94:Infinity":51,"s:95:8:95:Infinity":52,"s:96:8:96:Infinity":53,"s:97:8:97:Infinity":54,"f:102:2:102:10":6,"s:103:16:103:Infinity":55,"s:104:16:105:Infinity":56,"s:106:4:106:Infinity":57,"s:107:4:107:Infinity":58,"b:109:4:115:Infinity:undefined:undefined:undefined:undefined":3,"s:109:4:115:Infinity":59,"b:110:6:110:Infinity:111:6:111:Infinity":4,"s:113:6:113:Infinity":60,"s:114:6:114:Infinity":61,"s:115:6:115:Infinity":62,"s:117:4:117:Infinity":63,"f:120:2:120:10":7,"b:121:4:123:Infinity:undefined:undefined:undefined:undefined":5,"s:121:4:123:Infinity":64,"s:122:6:122:Infinity":65,"s:123:6:123:Infinity":66}}}
,"/Users/wd974637/IdeaProjects/simple3d/src/web/src/render/effect/NoEffect.ts": {"path":"/Users/wd974637/IdeaProjects/simple3d/src/web/src/render/effect/NoEffect.ts","statementMap":{"0":{"start":{"line":5,"column":24},"end":{"line":5,"column":null}}},"fnMap":{"0":{"name":"(anonymous_0)","decl":{"start":{"line":4,"column":2},"end":{"line":4,"column":10}},"loc":{"start":{"line":4,"column":40},"end":{"line":4,"column":null}},"line":4},"1":{"name":"(anonymous_1)","decl":{"start":{"line":5,"column":2},"end":{"line":5,"column":22}},"loc":{"start":{"line":5,"column":22},"end":{"line":5,"column":null}},"line":5},"2":{"name":"(anonymous_2)","decl":{"start":{"line":6,"column":2},"end":{"line":6,"column":16}},"loc":{"start":{"line":6,"column":96},"end":{"line":6,"column":null}},"line":6},"3":{"name":"(anonymous_3)","decl":{"start":{"line":7,"column":2},"end":{"line":7,"column":15}},"loc":{"start":{"line":7,"column":15},"end":{"line":7,"column":null}},"line":7}},"branchMap":{},"s":{"0":2},"f":{"0":1,"1":2,"2":1,"3":1},"b":{},"meta":{"lastBranch":0,"lastFunction":4,"lastStatement":1,"seen":{"f:4:2:4:10":0,"f:5:2:5:22":1,"s:5:24:5:Infinity":0,"f:6:2:6:16":2,"f:7:2:7:15":3}}}
,"/Users/wd974637/IdeaProjects/simple3d/src/web/src/render/effect/RippleEffect.ts": {"path":"/Users/wd974637/IdeaProjects/simple3d/src/web/src/render/effect/RippleEffect.ts","statementMap":{"0":{"start":{"line":4,"column":32},"end":{"line":4,"column":null}},"1":{"start":{"line":5,"column":32},"end":{"line":5,"column":null}},"2":{"start":{"line":6,"column":32},"end":{"line":6,"column":null}},"3":{"start":{"line":7,"column":32},"end":{"line":7,"column":null}},"4":{"start":{"line":8,"column":32},"end":{"line":8,"column":null}},"5":{"start":{"line":9,"column":36},"end":{"line":9,"column":null}},"6":{"start":{"line":11,"column":15},"end":{"line":11,"column":null}},"7":{"start":{"line":12,"column":15},"end":{"line":12,"column":null}},"8":{"start":{"line":13,"column":22},"end":{"line":13,"column":null}},"9":{"start":{"line":14,"column":22},"end":{"line":14,"column":null}},"10":{"start":{"line":15,"column":22},"end":{"line":15,"column":null}},"11":{"start":{"line":16,"column":59},"end":{"line":16,"column":null}},"12":{"start":{"line":18,"column":31},"end":{"line":18,"column":52}},"13":{"start":{"line":21,"column":4},"end":{"line":21,"column":null}},"14":{"start":{"line":25,"column":4},"end":{"line":25,"column":null}},"15":{"start":{"line":26,"column":4},"end":{"line":26,"column":null}},"16":{"start":{"line":27,"column":4},"end":{"line":27,"column":null}},"17":{"start":{"line":28,"column":4},"end":{"line":28,"column":null}},"18":{"start":{"line":29,"column":4},"end":{"line":29,"column":null}},"19":{"start":{"line":30,"column":4},"end":{"line":30,"column":null}},"20":{"start":{"line":31,"column":4},"end":{"line":31,"column":null}},"21":{"start":{"line":31,"column":37},"end":{"line":31,"column":48}},"22":{"start":{"line":34,"column":24},"end":{"line":34,"column":null}},"23":{"start":{"line":36,"column":17},"end":{"line":36,"column":null}},"24":{"start":{"line":39,"column":40},"end":{"line":39,"column":null}},"25":{"start":{"line":40,"column":15},"end":{"line":40,"column":null}},"26":{"start":{"line":41,"column":15},"end":{"line":41,"column":null}},"27":{"start":{"line":42,"column":15},"end":{"line":42,"column":null}},"28":{"start":{"line":43,"column":15},"end":{"line":43,"column":34}},"29":{"start":{"line":44,"column":15},"end":{"line":44,"column":38}},"30":{"start":{"line":45,"column":15},"end":{"line":45,"column":34}},"31":{"start":{"line":46,"column":15},"end":{"line":46,"column":38}},"32":{"start":{"line":48,"column":4},"end":{"line":79,"column":null}},"33":{"start":{"line":48,"column":18},"end":{"line":48,"column":22}},"34":{"start":{"line":49,"column":6},"end":{"line":79,"column":null}},"35":{"start":{"line":49,"column":20},"end":{"line":49,"column":24}},"36":{"start":{"line":50,"column":20},"end":{"line":50,"column":null}},"37":{"start":{"line":51,"column":20},"end":{"line":51,"column":null}},"38":{"start":{"line":52,"column":20},"end":{"line":52,"column":52}},"39":{"start":{"line":53,"column":8},"end":{"line":53,"column":null}},"40":{"start":{"line":53,"column":31},"end":{"line":53,"column":null}},"41":{"start":{"line":55,"column":29},"end":{"line":55,"column":null}},"42":{"start":{"line":56,"column":29},"end":{"line":56,"column":null}},"43":{"start":{"line":57,"column":29},"end":{"line":58,"column":52}},"44":{"start":{"line":59,"column":29},"end":{"line":59,"column":null}},"45":{"start":{"line":60,"column":14},"end":{"line":60,"column":null}},"46":{"start":{"line":62,"column":8},"end":{"line":68,"column":null}},"47":{"start":{"line":63,"column":26},"end":{"line":63,"column":null}},"48":{"start":{"line":64,"column":10},"end":{"line":64,"column":null}},"49":{"start":{"line":65,"column":10},"end":{"line":65,"column":null}},"50":{"start":{"line":66,"column":10},"end":{"line":66,"column":null}},"51":{"start":{"line":67,"column":10},"end":{"line":67,"column":null}},"52":{"start":{"line":68,"column":10},"end":{"line":68,"column":null}},"53":{"start":{"line":71,"column":24},"end":{"line":71,"column":null}},"54":{"start":{"line":72,"column":24},"end":{"line":72,"column":82}},"55":{"start":{"line":73,"column":24},"end":{"line":73,"column":82}},"56":{"start":{"line":74,"column":14},"end":{"line":74,"column":null}},"57":{"start":{"line":76,"column":8},"end":{"line":76,"column":null}},"58":{"start":{"line":77,"column":8},"end":{"line":77,"column":null}},"59":{"start":{"line":78,"column":8},"end":{"line":78,"column":null}},"60":{"start":{"line":79,"column":8},"end":{"line":79,"column":null}},"61":{"start":{"line":85,"column":4},"end":{"line":85,"column":null}},"62":{"start":{"line":86,"column":4},"end":{"line":86,"column":null}},"63":{"start":{"line":87,"column":4},"end":{"line":87,"column":null}},"64":{"start":{"line":88,"column":4},"end":{"line":89,"column":null}},"65":{"start":{"line":89,"column":6},"end":{"line":89,"column":null}},"66":{"start":{"line":91,"column":4},"end":{"line":91,"column":null}},"67":{"start":{"line":95,"column":4},"end":{"line":97,"column":null}},"68":{"start":{"line":96,"column":6},"end":{"line":96,"column":null}},"69":{"start":{"line":97,"column":6},"end":{"line":97,"column":null}}},"fnMap":{"0":{"name":"(anonymous_0)","decl":{"start":{"line":18,"column":2},"end":{"line":18,"column":14}},"loc":{"start":{"line":18,"column":52},"end":{"line":18,"column":52}},"line":18},"1":{"name":"(anonymous_1)","decl":{"start":{"line":20,"column":2},"end":{"line":20,"column":10}},"loc":{"start":{"line":20,"column":31},"end":{"line":21,"column":null}},"line":20},"2":{"name":"(anonymous_2)","decl":{"start":{"line":24,"column":2},"end":{"line":24,"column":10}},"loc":{"start":{"line":24,"column":38},"end":{"line":31,"column":null}},"line":24},"3":{"name":"(anonymous_3)","decl":{"start":{"line":31,"column":19},"end":{"line":31,"column":37}},"loc":{"start":{"line":31,"column":37},"end":{"line":31,"column":48}},"line":31},"4":{"name":"(anonymous_4)","decl":{"start":{"line":34,"column":2},"end":{"line":34,"column":22}},"loc":{"start":{"line":34,"column":22},"end":{"line":34,"column":null}},"line":34},"5":{"name":"(anonymous_5)","decl":{"start":{"line":36,"column":2},"end":{"line":36,"column":15}},"loc":{"start":{"line":36,"column":15},"end":{"line":36,"column":null}},"line":36},"6":{"name":"(anonymous_6)","decl":{"start":{"line":38,"column":2},"end":{"line":38,"column":16}},"loc":{"start":{"line":38,"column":92},"end":{"line":79,"column":null}},"line":38},"7":{"name":"(anonymous_7)","decl":{"start":{"line":84,"column":2},"end":{"line":84,"column":10}},"loc":{"start":{"line":84,"column":23},"end":{"line":91,"column":null}},"line":84},"8":{"name":"(anonymous_8)","decl":{"start":{"line":94,"column":2},"end":{"line":94,"column":10}},"loc":{"start":{"line":94,"column":29},"end":{"line":97,"column":null}},"line":94}},"branchMap":{"0":{"loc":{"start":{"line":53,"column":8},"end":{"line":53,"column":null}},"type":"if","locations":[{"start":{"line":53,"column":8},"end":{"line":53,"column":null}},{"start":{},"end":{}}],"line":53},"1":{"loc":{"start":{"line":53,"column":12},"end":{"line":53,"column":31}},"type":"binary-expr","locations":[{"start":{"line":53,"column":12},"end":{"line":53,"column":23}},{"start":{"line":53,"column":23},"end":{"line":53,"column":31}}],"line":53},"2":{"loc":{"start":{"line":62,"column":8},"end":{"line":68,"column":null}},"type":"if","locations":[{"start":{"line":62,"column":8},"end":{"line":68,"column":null}},{"start":{},"end":{}}],"line":62},"3":{"loc":{"start":{"line":88,"column":4},"end":{"line":89,"column":null}},"type":"if","locations":[{"start":{"line":88,"column":4},"end":{"line":89,"column":null}},{"start":{},"end":{}}],"line":88},"4":{"loc":{"start":{"line":95,"column":4},"end":{"line":97,"column":null}},"type":"if","locations":[{"start":{"line":95,"column":4},"end":{"line":97,"column":null}},{"start":{},"end":{}}],"line":95}},"s":{"0":1,"1":1,"2":1,"3":1,"4":1,"5":1,"6":1,"7":1,"8":1,"9":1,"10":1,"11":1,"12":7,"13":8,"14":6,"15":6,"16":6,"17":6,"18":6,"19":6,"20":6,"21":2,"22":4,"23":1,"24":4,"25":4,"26":4,"27":4,"28":4,"29":4,"30":4,"31":4,"32":4,"33":4,"34":604,"35":604,"36":91204,"37":91204,"38":91204,"39":91204,"40":20628,"41":70576,"42":70576,"43":70576,"44":70576,"45":70576,"46":70576,"47":960,"48":960,"49":960,"50":960,"51":960,"52":960,"53":69616,"54":69616,"55":69616,"56":69616,"57":69616,"58":69616,"59":69616,"60":69616,"61":2,"62":2,"63":2,"64":2,"65":0,"66":2,"67":7,"68":1,"69":1},"f":{"0":7,"1":8,"2":6,"3":2,"4":4,"5":1,"6":4,"7":2,"8":7},"b":{"0":[20628,70576],"1":[91204,91200],"2":[960,69616],"3":[0,2],"4":[1,6]},"meta":{"lastBranch":5,"lastFunction":9,"lastStatement":70,"seen":{"s:4:32:4:Infinity":0,"s:5:32:5:Infinity":1,"s:6:32:6:Infinity":2,"s:7:32:7:Infinity":3,"s:8:32:8:Infinity":4,"s:9:36:9:Infinity":5,"s:11:15:11:Infinity":6,"s:12:15:12:Infinity":7,"s:13:22:13:Infinity":8,"s:14:22:14:Infinity":9,"s:15:22:15:Infinity":10,"s:16:59:16:Infinity":11,"f:18:2:18:14":0,"s:18:31:18:52":12,"f:20:2:20:10":1,"s:21:4:21:Infinity":13,"f:24:2:24:10":2,"s:25:4:25:Infinity":14,"s:26:4:26:Infinity":15,"s:27:4:27:Infinity":16,"s:28:4:28:Infinity":17,"s:29:4:29:Infinity":18,"s:30:4:30:Infinity":19,"s:31:4:31:Infinity":20,"f:31:19:31:37":3,"s:31:37:31:48":21,"f:34:2:34:22":4,"s:34:24:34:Infinity":22,"f:36:2:36:15":5,"s:36:17:36:Infinity":23,"f:38:2:38:16":6,"s:39:40:39:Infinity":24,"s:40:15:40:Infinity":25,"s:41:15:41:Infinity":26,"s:42:15:42:Infinity":27,"s:43:15:43:34":28,"s:44:15:44:38":29,"s:45:15:45:34":30,"s:46:15:46:38":31,"s:48:4:79:Infinity":32,"s:48:18:48:22":33,"s:49:6:79:Infinity":34,"s:49:20:49:24":35,"s:50:20:50:Infinity":36,"s:51:20:51:Infinity":37,"s:52:20:52:52":38,"b:53:8:53:Infinity:undefined:undefined:undefined:undefined":0,"s:53:8:53:Infinity":39,"b:53:12:53:23:53:23:53:31":1,"s:53:31:53:Infinity":40,"s:55:29:55:Infinity":41,"s:56:29:56:Infinity":42,"s:57:29:58:52":43,"s:59:29:59:Infinity":44,"s:60:14:60:Infinity":45,"b:62:8:68:Infinity:undefined:undefined:undefined:undefined":2,"s:62:8:68:Infinity":46,"s:63:26:63:Infinity":47,"s:64:10:64:Infinity":48,"s:65:10:65:Infinity":49,"s:66:10:66:Infinity":50,"s:67:10:67:Infinity":51,"s:68:10:68:Infinity":52,"s:71:24:71:Infinity":53,"s:72:24:72:82":54,"s:73:24:73:82":55,"s:74:14:74:Infinity":56,"s:76:8:76:Infinity":57,"s:77:8:77:Infinity":58,"s:78:8:78:Infinity":59,"s:79:8:79:Infinity":60,"f:84:2:84:10":7,"s:85:4:85:Infinity":61,"s:86:4:86:Infinity":62,"s:87:4:87:Infinity":63,"b:88:4:89:Infinity:undefined:undefined:undefined:undefined":3,"s:88:4:89:Infinity":64,"s:89:6:89:Infinity":65,"s:91:4:91:Infinity":66,"f:94:2:94:10":8,"b:95:4:97:Infinity:undefined:undefined:undefined:undefined":4,"s:95:4:97:Infinity":67,"s:96:6:96:Infinity":68,"s:97:6:97:Infinity":69}}}
,"/Users/wd974637/IdeaProjects/simple3d/src/web/src/render/effect/ShockwaveEffect.ts": {"path":"/Users/wd974637/IdeaProjects/simple3d/src/web/src/render/effect/ShockwaveEffect.ts","statementMap":{"0":{"start":{"line":4,"column":33},"end":{"line":4,"column":null}},"1":{"start":{"line":5,"column":33},"end":{"line":5,"column":null}},"2":{"start":{"line":6,"column":33},"end":{"line":6,"column":null}},"3":{"start":{"line":7,"column":33},"end":{"line":7,"column":null}},"4":{"start":{"line":8,"column":36},"end":{"line":8,"column":null}},"5":{"start":{"line":10,"column":19},"end":{"line":10,"column":null}},"6":{"start":{"line":11,"column":19},"end":{"line":11,"column":null}},"7":{"start":{"line":12,"column":19},"end":{"line":12,"column":null}},"8":{"start":{"line":13,"column":59},"end":{"line":13,"column":null}},"9":{"start":{"line":15,"column":31},"end":{"line":15,"column":52}},"10":{"start":{"line":18,"column":4},"end":{"line":18,"column":null}},"11":{"start":{"line":19,"column":4},"end":{"line":19,"column":null}},"12":{"start":{"line":20,"column":4},"end":{"line":20,"column":null}},"13":{"start":{"line":21,"column":4},"end":{"line":21,"column":null}},"14":{"start":{"line":22,"column":4},"end":{"line":22,"column":null}},"15":{"start":{"line":22,"column":37},"end":{"line":22,"column":48}},"16":{"start":{"line":25,"column":24},"end":{"line":25,"column":null}},"17":{"start":{"line":27,"column":17},"end":{"line":27,"column":null}},"18":{"start":{"line":30,"column":31},"end":{"line":30,"column":null}},"19":{"start":{"line":31,"column":19},"end":{"line":31,"column":null}},"20":{"start":{"line":32,"column":19},"end":{"line":32,"column":41}},"21":{"start":{"line":33,"column":15},"end":{"line":33,"column":39}},"22":{"start":{"line":34,"column":15},"end":{"line":34,"column":43}},"23":{"start":{"line":35,"column":15},"end":{"line":35,"column":39}},"24":{"start":{"line":36,"column":15},"end":{"line":36,"column":43}},"25":{"start":{"line":38,"column":4},"end":{"line":69,"column":null}},"26":{"start":{"line":38,"column":18},"end":{"line":38,"column":22}},"27":{"start":{"line":39,"column":6},"end":{"line":69,"column":null}},"28":{"start":{"line":39,"column":20},"end":{"line":39,"column":24}},"29":{"start":{"line":40,"column":27},"end":{"line":40,"column":null}},"30":{"start":{"line":41,"column":27},"end":{"line":41,"column":null}},"31":{"start":{"line":42,"column":27},"end":{"line":42,"column":59}},"32":{"start":{"line":43,"column":27},"end":{"line":43,"column":47}},"33":{"start":{"line":44,"column":8},"end":{"line":44,"column":null}},"34":{"start":{"line":44,"column":41},"end":{"line":44,"column":null}},"35":{"start":{"line":46,"column":29},"end":{"line":46,"column":null}},"36":{"start":{"line":47,"column":14},"end":{"line":47,"column":null}},"37":{"start":{"line":48,"column":29},"end":{"line":48,"column":null}},"38":{"start":{"line":49,"column":29},"end":{"line":49,"column":58}},"39":{"start":{"line":50,"column":14},"end":{"line":50,"column":null}},"40":{"start":{"line":52,"column":8},"end":{"line":58,"column":null}},"41":{"start":{"line":53,"column":16},"end":{"line":53,"column":null}},"42":{"start":{"line":54,"column":10},"end":{"line":54,"column":null}},"43":{"start":{"line":55,"column":10},"end":{"line":55,"column":null}},"44":{"start":{"line":56,"column":10},"end":{"line":56,"column":null}},"45":{"start":{"line":57,"column":10},"end":{"line":57,"column":null}},"46":{"start":{"line":58,"column":10},"end":{"line":58,"column":null}},"47":{"start":{"line":61,"column":24},"end":{"line":61,"column":null}},"48":{"start":{"line":62,"column":24},"end":{"line":62,"column":82}},"49":{"start":{"line":63,"column":24},"end":{"line":63,"column":82}},"50":{"start":{"line":64,"column":14},"end":{"line":64,"column":null}},"51":{"start":{"line":66,"column":8},"end":{"line":66,"column":null}},"52":{"start":{"line":67,"column":8},"end":{"line":67,"column":null}},"53":{"start":{"line":68,"column":8},"end":{"line":68,"column":null}},"54":{"start":{"line":69,"column":8},"end":{"line":69,"column":null}},"55":{"start":{"line":75,"column":4},"end":{"line":75,"column":null}},"56":{"start":{"line":76,"column":4},"end":{"line":77,"column":null}},"57":{"start":{"line":77,"column":6},"end":{"line":77,"column":null}},"58":{"start":{"line":79,"column":4},"end":{"line":79,"column":null}},"59":{"start":{"line":83,"column":4},"end":{"line":85,"column":null}},"60":{"start":{"line":84,"column":6},"end":{"line":84,"column":null}},"61":{"start":{"line":85,"column":6},"end":{"line":85,"column":null}}},"fnMap":{"0":{"name":"(anonymous_0)","decl":{"start":{"line":15,"column":2},"end":{"line":15,"column":14}},"loc":{"start":{"line":15,"column":52},"end":{"line":15,"column":52}},"line":15},"1":{"name":"(anonymous_1)","decl":{"start":{"line":17,"column":2},"end":{"line":17,"column":10}},"loc":{"start":{"line":17,"column":38},"end":{"line":22,"column":null}},"line":17},"2":{"name":"(anonymous_2)","decl":{"start":{"line":22,"column":19},"end":{"line":22,"column":37}},"loc":{"start":{"line":22,"column":37},"end":{"line":22,"column":48}},"line":22},"3":{"name":"(anonymous_3)","decl":{"start":{"line":25,"column":2},"end":{"line":25,"column":22}},"loc":{"start":{"line":25,"column":22},"end":{"line":25,"column":null}},"line":25},"4":{"name":"(anonymous_4)","decl":{"start":{"line":27,"column":2},"end":{"line":27,"column":15}},"loc":{"start":{"line":27,"column":15},"end":{"line":27,"column":null}},"line":27},"5":{"name":"(anonymous_5)","decl":{"start":{"line":29,"column":2},"end":{"line":29,"column":16}},"loc":{"start":{"line":29,"column":92},"end":{"line":69,"column":null}},"line":29},"6":{"name":"(anonymous_6)","decl":{"start":{"line":74,"column":2},"end":{"line":74,"column":10}},"loc":{"start":{"line":74,"column":23},"end":{"line":79,"column":null}},"line":74},"7":{"name":"(anonymous_7)","decl":{"start":{"line":82,"column":2},"end":{"line":82,"column":10}},"loc":{"start":{"line":82,"column":29},"end":{"line":85,"column":null}},"line":82}},"branchMap":{"0":{"loc":{"start":{"line":44,"column":8},"end":{"line":44,"column":null}},"type":"if","locations":[{"start":{"line":44,"column":8},"end":{"line":44,"column":null}},{"start":{},"end":{}}],"line":44},"1":{"loc":{"start":{"line":44,"column":12},"end":{"line":44,"column":41}},"type":"binary-expr","locations":[{"start":{"line":44,"column":12},"end":{"line":44,"column":23}},{"start":{"line":44,"column":23},"end":{"line":44,"column":41}}],"line":44},"2":{"loc":{"start":{"line":52,"column":8},"end":{"line":58,"column":null}},"type":"if","locations":[{"start":{"line":52,"column":8},"end":{"line":58,"column":null}},{"start":{},"end":{}}],"line":52},"3":{"loc":{"start":{"line":76,"column":4},"end":{"line":77,"column":null}},"type":"if","locations":[{"start":{"line":76,"column":4},"end":{"line":77,"column":null}},{"start":{},"end":{}}],"line":76},"4":{"loc":{"start":{"line":83,"column":4},"end":{"line":85,"column":null}},"type":"if","locations":[{"start":{"line":83,"column":4},"end":{"line":85,"column":null}},{"start":{},"end":{}}],"line":83}},"s":{"0":1,"1":1,"2":1,"3":1,"4":1,"5":1,"6":1,"7":1,"8":1,"9":6,"10":5,"11":5,"12":5,"13":5,"14":5,"15":0,"16":4,"17":1,"18":3,"19":3,"20":3,"21":3,"22":3,"23":3,"24":3,"25":3,"26":3,"27":243,"28":243,"29":19683,"30":19683,"31":19683,"32":19683,"33":19683,"34":4647,"35":15036,"36":15036,"37":15036,"38":15036,"39":15036,"40":15036,"41":0,"42":0,"43":0,"44":0,"45":0,"46":0,"47":15036,"48":15036,"49":15036,"50":15036,"51":15036,"52":15036,"53":15036,"54":15036,"55":0,"56":0,"57":0,"58":0,"59":6,"60":1,"61":1},"f":{"0":6,"1":5,"2":0,"3":4,"4":1,"5":3,"6":0,"7":6},"b":{"0":[4647,15036],"1":[19683,19680],"2":[0,15036],"3":[0,0],"4":[1,5]},"meta":{"lastBranch":5,"lastFunction":8,"lastStatement":62,"seen":{"s:4:33:4:Infinity":0,"s:5:33:5:Infinity":1,"s:6:33:6:Infinity":2,"s:7:33:7:Infinity":3,"s:8:36:8:Infinity":4,"s:10:19:10:Infinity":5,"s:11:19:11:Infinity":6,"s:12:19:12:Infinity":7,"s:13:59:13:Infinity":8,"f:15:2:15:14":0,"s:15:31:15:52":9,"f:17:2:17:10":1,"s:18:4:18:Infinity":10,"s:19:4:19:Infinity":11,"s:20:4:20:Infinity":12,"s:21:4:21:Infinity":13,"s:22:4:22:Infinity":14,"f:22:19:22:37":2,"s:22:37:22:48":15,"f:25:2:25:22":3,"s:25:24:25:Infinity":16,"f:27:2:27:15":4,"s:27:17:27:Infinity":17,"f:29:2:29:16":5,"s:30:31:30:Infinity":18,"s:31:19:31:Infinity":19,"s:32:19:32:41":20,"s:33:15:33:39":21,"s:34:15:34:43":22,"s:35:15:35:39":23,"s:36:15:36:43":24,"s:38:4:69:Infinity":25,"s:38:18:38:22":26,"s:39:6:69:Infinity":27,"s:39:20:39:24":28,"s:40:27:40:Infinity":29,"s:41:27:41:Infinity":30,"s:42:27:42:59":31,"s:43:27:43:47":32,"b:44:8:44:Infinity:undefined:undefined:undefined:undefined":0,"s:44:8:44:Infinity":33,"b:44:12:44:23:44:23:44:41":1,"s:44:41:44:Infinity":34,"s:46:29:46:Infinity":35,"s:47:14:47:Infinity":36,"s:48:29:48:Infinity":37,"s:49:29:49:58":38,"s:50:14:50:Infinity":39,"b:52:8:58:Infinity:undefined:undefined:undefined:undefined":2,"s:52:8:58:Infinity":40,"s:53:16:53:Infinity":41,"s:54:10:54:Infinity":42,"s:55:10:55:Infinity":43,"s:56:10:56:Infinity":44,"s:57:10:57:Infinity":45,"s:58:10:58:Infinity":46,"s:61:24:61:Infinity":47,"s:62:24:62:82":48,"s:63:24:63:82":49,"s:64:14:64:Infinity":50,"s:66:8:66:Infinity":51,"s:67:8:67:Infinity":52,"s:68:8:68:Infinity":53,"s:69:8:69:Infinity":54,"f:74:2:74:10":6,"s:75:4:75:Infinity":55,"b:76:4:77:Infinity:undefined:undefined:undefined:undefined":3,"s:76:4:77:Infinity":56,"s:77:6:77:Infinity":57,"s:79:4:79:Infinity":58,"f:82:2:82:10":7,"b:83:4:85:Infinity:undefined:undefined:undefined:undefined":4,"s:83:4:85:Infinity":59,"s:84:6:84:Infinity":60,"s:85:6:85:Infinity":61}}}
,"/Users/wd974637/IdeaProjects/simple3d/src/web/src/render/effect/VortexEffect.ts": {"path":"/Users/wd974637/IdeaProjects/simple3d/src/web/src/render/effect/VortexEffect.ts","statementMap":{"0":{"start":{"line":4,"column":32},"end":{"line":4,"column":null}},"1":{"start":{"line":5,"column":32},"end":{"line":5,"column":null}},"2":{"start":{"line":6,"column":32},"end":{"line":6,"column":null}},"3":{"start":{"line":7,"column":36},"end":{"line":7,"column":null}},"4":{"start":{"line":9,"column":15},"end":{"line":9,"column":null}},"5":{"start":{"line":10,"column":15},"end":{"line":10,"column":null}},"6":{"start":{"line":11,"column":22},"end":{"line":11,"column":null}},"7":{"start":{"line":12,"column":22},"end":{"line":12,"column":null}},"8":{"start":{"line":13,"column":59},"end":{"line":13,"column":null}},"9":{"start":{"line":15,"column":31},"end":{"line":15,"column":52}},"10":{"start":{"line":18,"column":4},"end":{"line":18,"column":null}},"11":{"start":{"line":22,"column":4},"end":{"line":22,"column":null}},"12":{"start":{"line":23,"column":4},"end":{"line":23,"column":null}},"13":{"start":{"line":24,"column":4},"end":{"line":24,"column":null}},"14":{"start":{"line":25,"column":4},"end":{"line":25,"column":null}},"15":{"start":{"line":26,"column":4},"end":{"line":26,"column":null}},"16":{"start":{"line":27,"column":4},"end":{"line":27,"column":null}},"17":{"start":{"line":27,"column":37},"end":{"line":27,"column":48}},"18":{"start":{"line":30,"column":24},"end":{"line":30,"column":null}},"19":{"start":{"line":32,"column":17},"end":{"line":32,"column":null}},"20":{"start":{"line":35,"column":30},"end":{"line":35,"column":null}},"21":{"start":{"line":36,"column":15},"end":{"line":36,"column":null}},"22":{"start":{"line":37,"column":15},"end":{"line":37,"column":34}},"23":{"start":{"line":38,"column":15},"end":{"line":38,"column":38}},"24":{"start":{"line":39,"column":15},"end":{"line":39,"column":34}},"25":{"start":{"line":40,"column":15},"end":{"line":40,"column":38}},"26":{"start":{"line":42,"column":4},"end":{"line":62,"column":null}},"27":{"start":{"line":42,"column":18},"end":{"line":42,"column":22}},"28":{"start":{"line":43,"column":6},"end":{"line":62,"column":null}},"29":{"start":{"line":43,"column":20},"end":{"line":43,"column":24}},"30":{"start":{"line":44,"column":20},"end":{"line":44,"column":null}},"31":{"start":{"line":45,"column":20},"end":{"line":45,"column":null}},"32":{"start":{"line":46,"column":20},"end":{"line":46,"column":52}},"33":{"start":{"line":47,"column":8},"end":{"line":47,"column":null}},"34":{"start":{"line":47,"column":31},"end":{"line":47,"column":null}},"35":{"start":{"line":49,"column":24},"end":{"line":49,"column":null}},"36":{"start":{"line":50,"column":14},"end":{"line":50,"column":null}},"37":{"start":{"line":51,"column":24},"end":{"line":51,"column":null}},"38":{"start":{"line":52,"column":24},"end":{"line":52,"column":37}},"39":{"start":{"line":53,"column":24},"end":{"line":53,"column":37}},"40":{"start":{"line":54,"column":24},"end":{"line":54,"column":94}},"41":{"start":{"line":55,"column":24},"end":{"line":55,"column":94}},"42":{"start":{"line":56,"column":14},"end":{"line":56,"column":null}},"43":{"start":{"line":57,"column":14},"end":{"line":57,"column":null}},"44":{"start":{"line":59,"column":8},"end":{"line":59,"column":null}},"45":{"start":{"line":60,"column":8},"end":{"line":60,"column":null}},"46":{"start":{"line":61,"column":8},"end":{"line":61,"column":null}},"47":{"start":{"line":62,"column":8},"end":{"line":62,"column":null}},"48":{"start":{"line":68,"column":4},"end":{"line":68,"column":null}},"49":{"start":{"line":69,"column":4},"end":{"line":69,"column":null}},"50":{"start":{"line":70,"column":4},"end":{"line":71,"column":null}},"51":{"start":{"line":71,"column":6},"end":{"line":71,"column":null}},"52":{"start":{"line":73,"column":4},"end":{"line":73,"column":null}},"53":{"start":{"line":77,"column":4},"end":{"line":79,"column":null}},"54":{"start":{"line":78,"column":6},"end":{"line":78,"column":null}},"55":{"start":{"line":79,"column":6},"end":{"line":79,"column":null}}},"fnMap":{"0":{"name":"(anonymous_0)","decl":{"start":{"line":15,"column":2},"end":{"line":15,"column":14}},"loc":{"start":{"line":15,"column":52},"end":{"line":15,"column":52}},"line":15},"1":{"name":"(anonymous_1)","decl":{"start":{"line":17,"column":2},"end":{"line":17,"column":10}},"loc":{"start":{"line":17,"column":31},"end":{"line":18,"column":null}},"line":17},"2":{"name":"(anonymous_2)","decl":{"start":{"line":21,"column":2},"end":{"line":21,"column":10}},"loc":{"start":{"line":21,"column":38},"end":{"line":27,"column":null}},"line":21},"3":{"name":"(anonymous_3)","decl":{"start":{"line":27,"column":19},"end":{"line":27,"column":37}},"loc":{"start":{"line":27,"column":37},"end":{"line":27,"column":48}},"line":27},"4":{"name":"(anonymous_4)","decl":{"start":{"line":30,"column":2},"end":{"line":30,"column":22}},"loc":{"start":{"line":30,"column":22},"end":{"line":30,"column":null}},"line":30},"5":{"name":"(anonymous_5)","decl":{"start":{"line":32,"column":2},"end":{"line":32,"column":15}},"loc":{"start":{"line":32,"column":15},"end":{"line":32,"column":null}},"line":32},"6":{"name":"(anonymous_6)","decl":{"start":{"line":34,"column":2},"end":{"line":34,"column":16}},"loc":{"start":{"line":34,"column":92},"end":{"line":62,"column":null}},"line":34},"7":{"name":"(anonymous_7)","decl":{"start":{"line":67,"column":2},"end":{"line":67,"column":10}},"loc":{"start":{"line":67,"column":23},"end":{"line":73,"column":null}},"line":67},"8":{"name":"(anonymous_8)","decl":{"start":{"line":76,"column":2},"end":{"line":76,"column":10}},"loc":{"start":{"line":76,"column":29},"end":{"line":79,"column":null}},"line":76}},"branchMap":{"0":{"loc":{"start":{"line":47,"column":8},"end":{"line":47,"column":null}},"type":"if","locations":[{"start":{"line":47,"column":8},"end":{"line":47,"column":null}},{"start":{},"end":{}}],"line":47},"1":{"loc":{"start":{"line":47,"column":12},"end":{"line":47,"column":31}},"type":"binary-expr","locations":[{"start":{"line":47,"column":12},"end":{"line":47,"column":23}},{"start":{"line":47,"column":23},"end":{"line":47,"column":31}}],"line":47},"2":{"loc":{"start":{"line":70,"column":4},"end":{"line":71,"column":null}},"type":"if","locations":[{"start":{"line":70,"column":4},"end":{"line":71,"column":null}},{"start":{},"end":{}}],"line":70},"3":{"loc":{"start":{"line":77,"column":4},"end":{"line":79,"column":null}},"type":"if","locations":[{"start":{"line":77,"column":4},"end":{"line":79,"column":null}},{"start":{},"end":{}}],"line":77}},"s":{"0":1,"1":1,"2":1,"3":1,"4":1,"5":1,"6":1,"7":1,"8":1,"9":7,"10":8,"11":6,"12":6,"13":6,"14":6,"15":6,"16":6,"17":2,"18":4,"19":1,"20":4,"21":4,"22":4,"23":4,"24":4,"25":4,"26":4,"27":4,"28":604,"29":604,"30":91204,"31":91204,"32":91204,"33":91204,"34":20628,"35":70576,"36":70576,"37":70576,"38":70576,"39":70576,"40":70576,"41":70576,"42":70576,"43":70576,"44":70576,"45":70576,"46":70576,"47":70576,"48":2,"49":2,"50":2,"51":0,"52":2,"53":7,"54":1,"55":1},"f":{"0":7,"1":8,"2":6,"3":2,"4":4,"5":1,"6":4,"7":2,"8":7},"b":{"0":[20628,70576],"1":[91204,91200],"2":[0,2],"3":[1,6]},"meta":{"lastBranch":4,"lastFunction":9,"lastStatement":56,"seen":{"s:4:32:4:Infinity":0,"s:5:32:5:Infinity":1,"s:6:32:6:Infinity":2,"s:7:36:7:Infinity":3,"s:9:15:9:Infinity":4,"s:10:15:10:Infinity":5,"s:11:22:11:Infinity":6,"s:12:22:12:Infinity":7,"s:13:59:13:Infinity":8,"f:15:2:15:14":0,"s:15:31:15:52":9,"f:17:2:17:10":1,"s:18:4:18:Infinity":10,"f:21:2:21:10":2,"s:22:4:22:Infinity":11,"s:23:4:23:Infinity":12,"s:24:4:24:Infinity":13,"s:25:4:25:Infinity":14,"s:26:4:26:Infinity":15,"s:27:4:27:Infinity":16,"f:27:19:27:37":3,"s:27:37:27:48":17,"f:30:2:30:22":4,"s:30:24:30:Infinity":18,"f:32:2:32:15":5,"s:32:17:32:Infinity":19,"f:34:2:34:16":6,"s:35:30:35:Infinity":20,"s:36:15:36:Infinity":21,"s:37:15:37:34":22,"s:38:15:38:38":23,"s:39:15:39:34":24,"s:40:15:40:38":25,"s:42:4:62:Infinity":26,"s:42:18:42:22":27,"s:43:6:62:Infinity":28,"s:43:20:43:24":29,"s:44:20:44:Infinity":30,"s:45:20:45:Infinity":31,"s:46:20:46:52":32,"b:47:8:47:Infinity:undefined:undefined:undefined:undefined":0,"s:47:8:47:Infinity":33,"b:47:12:47:23:47:23:47:31":1,"s:47:31:47:Infinity":34,"s:49:24:49:Infinity":35,"s:50:14:50:Infinity":36,"s:51:24:51:Infinity":37,"s:52:24:52:37":38,"s:53:24:53:37":39,"s:54:24:54:94":40,"s:55:24:55:94":41,"s:56:14:56:Infinity":42,"s:57:14:57:Infinity":43,"s:59:8:59:Infinity":44,"s:60:8:60:Infinity":45,"s:61:8:61:Infinity":46,"s:62:8:62:Infinity":47,"f:67:2:67:10":7,"s:68:4:68:Infinity":48,"s:69:4:69:Infinity":49,"b:70:4:71:Infinity:undefined:undefined:undefined:undefined":2,"s:70:4:71:Infinity":50,"s:71:6:71:Infinity":51,"s:73:4:73:Infinity":52,"f:76:2:76:10":8,"b:77:4:79:Infinity:undefined:undefined:undefined:undefined":3,"s:77:4:79:Infinity":53,"s:78:6:78:Infinity":54,"s:79:6:79:Infinity":55}}}
}
