<?xml version="1.0" encoding="UTF-8"?>
<testsuite xmlns:xsi="http://www.w3.org/2001/XMLSchema-instance" xsi:noNamespaceSchemaLocation="https://maven.apache.org/surefire/maven-surefire-plugin/xsd/surefire-test-report.xsd" name="com.ullgren.modern.simple3d.Point3DTest" time="0.001" tests="18" errors="0" skipped="0" failures="0">
  <properties>
[...]
</properties>
  <testcase name="rotateXZ_appliesCorrectMatrix" classname="com.ullgren.modern.simple3d.Point3DTest" time="0"/>
  <testcase name="intConstructor_setsFields" classname="com.ullgren.modern.simple3d.Point3DTest" time="0"/>
  <testcase name="copyConstructor_copiesFieldValues" classname="com.ullgren.modern.simple3d.Point3DTest" time="0"/>
  <testcase name="rotateXZ_originStaysAtOrigin" classname="com.ullgren.modern.simple3d.Point3DTest" time="0"/>
  <testcase name="rotateYZ_doesNotAffectX" classname="com.ullgren.modern.simple3d.Point3DTest" time="0"/>
  <testcase name="rotateYZ_appliesCorrectMatrix" classname="com.ullgren.modern.simple3d.Point3DTest" time="0"/>
  <testcase name="copyConstructor_isIndependent" classname="com.ullgren.modern.simple3d.Point3DTest" time="0"/>
  <testcase name="toString_containsCoordinates" classname="com.ullgren.modern.simple3d.Point3DTest" time="0"/>
  <testcase name="rotateZX_isInverseOfRotateXZ" classname="com.ullgren.modern.simple3d.Point3DTest" time="0"/>
  <testcase name="rotateYZ_preservesNorm" classname="com.ullgren.modern.simple3d.Point3DTest" time="0"/>
  <testcase name="rotateZY_isInverseOfRotateYZ" classname="com.ullgren.modern.simple3d.Point3DTest" time="0"/>
  <testcase name="rotateXZ_roundTrip_120steps" classname="com.ullgren.modern.simple3d.Point3DTest" time="0"/>
  <testcase name="rotateXZ_preservesNorm" classname="com.ullgren.modern.simple3d.Point3DTest" time="0"/>
  <testcase name="rotateYZ_roundTrip_120steps" classname="com.ullgren.modern.simple3d.Point3DTest" time="0"/>
  <testcase name="defaultConstructor_allZero" classname="com.ullgren.modern.simple3d.Point3DTest" time="0"/>
  <testcase name="rotateYZ_originStaysAtOrigin" classname="com.ullgren.modern.simple3d.Point3DTest" time="0"/>
  <testcase name="doubleConstructor_setsFields" classname="com.ullgren.modern.simple3d.Point3DTest" time="0"/>
  <testcase name="rotateXZ_doesNotAffectY" classname="com.ullgren.modern.simple3d.Point3DTest" time="0"/>
</testsuite>