<?xml version="1.0" encoding="UTF-8"?>
<testsuite xmlns:xsi="http://www.w3.org/2001/XMLSchema-instance" xsi:noNamespaceSchemaLocation="https://maven.apache.org/surefire/maven-surefire-plugin/xsd/surefire-test-report.xsd" name="com.ullgren.modern.simple3d.BodyTest" time="0.435" tests="52" errors="0" skipped="0" failures="0">
  <properties>
[...]
</properties>
  <testcase name="render_withTriangleFace_doesNotThrow" classname="com.ullgren.modern.simple3d.BodyTest" time="0.219"/>
  <testcase name="loadBody_noPointsDefined_throwsIllegalArgument" classname="com.ullgren.modern.simple3d.BodyTest" time="0.001"/>
  <testcase name="rotateZY_doubleAngle_rotatingByZeroDegreesDoesNothing" classname="com.ullgren.modern.simple3d.BodyTest" time="0.027"/>
  <testcase name="loadBody_pointWithFourCoords_throwsIllegalArgument" classname="com.ullgren.modern.simple3d.BodyTest" time="0.002"/>
  <testcase name="loadBody_missingResource_throwsIllegalArgument" classname="com.ullgren.modern.simple3d.BodyTest" time="0"/>
  <testcase name="render_cubeBody_doesNotThrow" classname="com.ullgren.modern.simple3d.BodyTest" time="0.006"/>
  <testcase name="renderer_afterSizeChange_doesNotThrow" classname="com.ullgren.modern.simple3d.BodyTest" time="0.009"/>
  <testcase name="rotateAllMethods_doNotThrow" classname="com.ullgren.modern.simple3d.BodyTest" time="0.001"/>
  <testcase name="rotateZY_roundTrip_120steps_restoresOrientation" classname="com.ullgren.modern.simple3d.BodyTest" time="0.006"/>
  <testcase name="rotateZX_doubleAngle_changesOrientation" classname="com.ullgren.modern.simple3d.BodyTest" time="0.01"/>
  <testcase name="loadBody_commentsAndBlanksIgnored" classname="com.ullgren.modern.simple3d.BodyTest" time="0.001"/>
  <testcase name="rotateXZ_doubleAngle_changesOrientation" classname="com.ullgren.modern.simple3d.BodyTest" time="0.006"/>
  <testcase name="elasticEffect_isActive_afterDent" classname="com.ullgren.modern.simple3d.BodyTest" time="0.002"/>
  <testcase name="loadBody_faceWithTwoIndices_throwsIllegalArgument" classname="com.ullgren.modern.simple3d.BodyTest" time="0.001"/>
  <testcase name="rotateYZ_doubleAngle_rotatingByZeroDegreesDoesNothing" classname="com.ullgren.modern.simple3d.BodyTest" time="0.005"/>
  <testcase name="rotateZX_doubleAngle_rotatingByZeroDegreesDoesNothing" classname="com.ullgren.modern.simple3d.BodyTest" time="0.005"/>
  <testcase name="loadBody_triangle_createsBody" classname="com.ullgren.modern.simple3d.BodyTest" time="0"/>
  <testcase name="renderer_consecutiveRenders_produceSameOutput" classname="com.ullgren.modern.simple3d.BodyTest" time="0.006"/>
  <testcase name="rotateXZ_changesOrientation" classname="com.ullgren.modern.simple3d.BodyTest" time="0.007"/>
  <testcase name="elasticEffect_insideRadius_pixelsDisplaced" classname="com.ullgren.modern.simple3d.BodyTest" time="0.003"/>
  <testcase name="elasticEffect_outsideRadius_pixelsUnchanged" classname="com.ullgren.modern.simple3d.BodyTest" time="0.002"/>
  <testcase name="loadCubeBody_has8PointsAnd6Faces" classname="com.ullgren.modern.simple3d.BodyTest" time="0"/>
  <testcase name="loadBody_noFacesDefined_throwsIllegalArgument" classname="com.ullgren.modern.simple3d.BodyTest" time="0.001"/>
  <testcase name="rotateZY_doubleAngle_negativeAngleIsInverse" classname="com.ullgren.modern.simple3d.BodyTest" time="0.005"/>
  <testcase name="renderer_afterBodySwap_reflectsNewBody" classname="com.ullgren.modern.simple3d.BodyTest" time="0.006"/>
  <testcase name="rotateZX_doubleAngle_matchesNoArgAtRotationAngle" classname="com.ullgren.modern.simple3d.BodyTest" time="0.005"/>
  <testcase name="render_withCapPolygon_doesNotThrow" classname="com.ullgren.modern.simple3d.BodyTest" time="0.003"/>
  <testcase name="rotateXZ_doubleAngle_matchesNoArgAtRotationAngle" classname="com.ullgren.modern.simple3d.BodyTest" time="0.006"/>
  <testcase name="render_withQuadFace_doesNotThrow" classname="com.ullgren.modern.simple3d.BodyTest" time="0.003"/>
  <testcase name="rotateYZ_doubleAngle_matchesNoArgAtRotationAngle" classname="com.ullgren.modern.simple3d.BodyTest" time="0.006"/>
  <testcase name="rotateZY_changesOrientation" classname="com.ullgren.modern.simple3d.BodyTest" time="0.006"/>
  <testcase name="loadBody_faceWithNegativeIndex_throwsIllegalArgument" classname="com.ullgren.modern.simple3d.BodyTest" time="0.002"/>
  <testcase name="render_frontFacedBody_producesNonBlackPixels" classname="com.ullgren.modern.simple3d.BodyTest" time="0.003"/>
  <testcase name="loadBody_pointWithTwoCoords_throwsIllegalArgument" classname="com.ullgren.modern.simple3d.BodyTest" time="0.001"/>
  <testcase name="loadBody_faceWithNonNumericIndex_throwsNumberFormatException" classname="com.ullgren.modern.simple3d.BodyTest" time="0.001"/>
  <testcase name="loadMuBody_has36PointsAnd20Faces" classname="com.ullgren.modern.simple3d.BodyTest" time="0"/>
  <testcase name="render_muBody_doesNotThrow" classname="com.ullgren.modern.simple3d.BodyTest" time="0.003"/>
  <testcase name="rotateXZ_doubleAngle_negativeAngleIsInverse" classname="com.ullgren.modern.simple3d.BodyTest" time="0.005"/>
  <testcase name="rotateZY_doubleAngle_changesOrientation" classname="com.ullgren.modern.simple3d.BodyTest" time="0.005"/>
  <testcase name="loadBody_faceIndexOutOfBounds_throwsIllegalArgument" classname="com.ullgren.modern.simple3d.BodyTest" time="0.001"/>
  <testcase name="setColour_updatesColour" classname="com.ullgren.modern.simple3d.BodyTest" time="0"/>
  <testcase name="rotateYZ_doubleAngle_changesOrientation" classname="com.ullgren.modern.simple3d.BodyTest" time="0.005"/>
  <testcase name="rotateYZ_doubleAngle_negativeAngleIsInverse" classname="com.ullgren.modern.simple3d.BodyTest" time="0.005"/>
  <testcase name="rotateXZ_doubleAngle_rotatingByZeroDegreesDoesNothing" classname="com.ullgren.modern.simple3d.BodyTest" time="0.005"/>
  <testcase name="loadBody_setsColour" classname="com.ullgren.modern.simple3d.BodyTest" time="0"/>
  <testcase name="renderer_afterColourChange_reflectsNewColour" classname="com.ullgren.modern.simple3d.BodyTest" time="0.006"/>
  <testcase name="rotateZX_doubleAngle_negativeAngleIsInverse" classname="com.ullgren.modern.simple3d.BodyTest" time="0.005"/>
  <testcase name="elasticEffect_centrePixel_notDisplaced" classname="com.ullgren.modern.simple3d.BodyTest" time="0.003"/>
  <testcase name="loadBody_dataBeforeSection_throwsIllegalArgument" classname="com.ullgren.modern.simple3d.BodyTest" time="0"/>
  <testcase name="loadBody_pointWithNonNumericCoord_throwsNumberFormatException" classname="com.ullgren.modern.simple3d.BodyTest" time="0.001"/>
  <testcase name="render_backFacedBody_producesNoPixels" classname="com.ullgren.modern.simple3d.BodyTest" time="0.007"/>
  <testcase name="rotateZY_doubleAngle_matchesNoArgAtRotationAngle" classname="com.ullgren.modern.simple3d.BodyTest" time="0.004"/>
</testsuite>